#
# A fatal error has been detected by the Java Runtime Environment:
#
#  SIGILL (0x4) at pc=0x00007fffb4524bde, pid=2999, tid=0x0000000000000203
#
# JRE version: Java(TM) SE Runtime Environment (8.0_101-b13) (build 1.8.0_101-b13)
# Java VM: Java HotSpot(TM) 64-Bit Server VM (25.101-b13 mixed mode bsd-amd64 compressed oops)
# Problematic frame:
# C  [libsystem_platform.dylib+0x5bde]  _os_unfair_lock_corruption_abort+0x17
#
# Failed to write core dump. Core dumps have been disabled. To enable core dumping, try "ulimit -c unlimited" before starting Java again
#
# If you would like to submit a bug report, please visit:
#   http://bugreport.java.com/bugreport/crash.jsp
# The crash happened outside the Java Virtual Machine in native code.
# See problematic frame for where to report the bug.
#

---------------  T H R E A D  ---------------

Current thread (0x0000000100b4e000):  JavaThread "Spawner Reaper" daemon [_thread_in_native, id=93143, stack(0x000070000f7ff000,0x000070000f8ff000)]

siginfo: si_signo: 4 (SIGILL), si_code: 1 (ILL_ILLOPC), si_addr: 0x00007fffb4524bde

Registers:
RAX=0x0000000000015926, RBX=0x0000000000015926, RCX=0x00007fffb4526b6c, RDX=0x0000000000000000
RSP=0x000070000f8fe138, RBP=0x000070000f8fe170, RSI=0x00007fffbd0b06c0, RDI=0x0000000000015926
R8 =0x000000000000018c, R9 =0x000000000000018d, R10=0x0000000000000000, R11=0x0000000000000246
R12=0x00007fffbd0b06c0, R13=0x0000000000000203, R14=0x0000000001010002, R15=0x0000000000000203
RIP=0x00007fffb4524bde, EFLAGS=0x0000000000010246, ERR=0x0000000000000000
  TRAPNO=0x0000000000000006

Top of Stack: (sp=0x000070000f8fe138)
0x000070000f8fe138:   00007fffb452444e 0000000000015927
0x000070000f8fe148:   0000000000000240 000000013000f720
0x000070000f8fe158:   00007fffbd0b0480 00007fffbd0b06c0
0x000070000f8fe168:   0000000000000000 000070000f8fe1c0
0x000070000f8fe178:   00007fffb3a253ae 0000000000000000
0x000070000f8fe188:   0000000000000000 0000000000000000
0x000070000f8fe198:   000000013000f720 0000000130014030
0x000070000f8fe1a8:   0000000000000000 00007fffbd131101
0x000070000f8fe1b8:   0000000000000000 000070000f8fe1e0
0x000070000f8fe1c8:   00007fffb3a250f9 000000013000f720
0x000070000f8fe1d8:   00007fffbd131140 000070000f8fe200
0x000070000f8fe1e8:   00007fffb3a25059 0000000000000000
0x000070000f8fe1f8:   000000013000f720 000070000f8fe230
0x000070000f8fe208:   00007fffb42df021 0000000000000001
0x000070000f8fe218:   0000000000000000 0000000131d2f270
0x000070000f8fe228:   000000013000f778 000070000f8fe250
0x000070000f8fe238:   00007fffb456e564 0000000131d2f270
0x000070000f8fe248:   0000000131d2f270 000070000f8fe270
0x000070000f8fe258:   00007fffb456c50d 00000000ffffffff
0x000070000f8fe268:   0000000131d480c0 000070000f8fe2e0
0x000070000f8fe278:   00007fffb456d686 0000000000000000
0x000070000f8fe288:   000070000f8fe300 0300000780001513
0x000070000f8fe298:   0000000110000003 0000000130028930
0x000070000f8fe2a8:   0000002300722c10 0000000130014030
0x000070000f8fe2b8:   000000000000008d 00000000000000cf
0x000070000f8fe2c8:   0000000100007440 0000000000000005
0x000070000f8fe2d8:   0000000100722c10 000070000f8fe350
0x000070000f8fe2e8:   00007fffb456d361 0000000000000008
0x000070000f8fe2f8:   000070000f8fe390 0000000000000000
0x000070000f8fe308:   0000000100722c10 00007fffb458865d
0x000070000f8fe318:   0000000100722c10 000070000f8fe350
0x000070000f8fe328:   0000000000000008 0000000000000000 

Instructions: (pc=0x00007fffb4524bde)
0x00007fffb4524bbe:   89 f7 e8 55 18 00 00 eb ae 89 f8 48 8d 0d 9c 1f
0x00007fffb4524bce:   00 00 48 89 0d e1 b6 c3 08 48 89 05 0a b7 c3 08
0x00007fffb4524bde:   0f 0b 89 f8 48 8d 0d 12 20 00 00 48 89 0d c8 b6
0x00007fffb4524bee:   c3 08 48 89 05 f1 b6 c3 08 0f 0b 55 48 89 e5 41 

Register to memory mapping:

RAX=0x0000000000015926 is an unknown value
RBX=0x0000000000015926 is an unknown value
RCX=0x00007fffb4526b6c: _h+0x25c in /usr/lib/system/libsystem_platform.dylib at 0x00007fffb451f000
RDX=0x0000000000000000 is an unknown value
RSP=0x000070000f8fe138 is pointing into the stack for thread: 0x0000000100b4e000
RBP=0x000070000f8fe170 is pointing into the stack for thread: 0x0000000100b4e000
RSI=0x00007fffbd0b06c0: _ZN12_GLOBAL__N_1L12SideTableBufE+0x240 in /usr/lib/libobjc.A.dylib at 0x00007fffb3a1c000
RDI=0x0000000000015926 is an unknown value
R8 =0x000000000000018c is an unknown value
R9 =0x000000000000018d is an unknown value
R10=0x0000000000000000 is an unknown value
R11=0x0000000000000246 is an unknown value
R12=0x00007fffbd0b06c0: _ZN12_GLOBAL__N_1L12SideTableBufE+0x240 in /usr/lib/libobjc.A.dylib at 0x00007fffb3a1c000
R13=0x0000000000000203 is an unknown value
R14=0x0000000001010002 is an unknown value
R15=0x0000000000000203 is an unknown value


Stack: [0x000070000f7ff000,0x000070000f8ff000],  sp=0x000070000f8fe138,  free space=1020k
Native frames: (J=compiled Java code, j=interpreted, Vv=VM code, C=native code)
C  [libsystem_platform.dylib+0x5bde]  _os_unfair_lock_corruption_abort+0x17
C  [libobjc.A.dylib+0x93ae]  _ZN11objc_object27sidetable_clearDeallocatingEv+0x54
C  [libobjc.A.dylib+0x90f9]  objc_destructInstance+0x8f
C  [libobjc.A.dylib+0x9059]  object_dispose+0x16
C  [libdispatch.dylib+0x3021]  _dispatch_dispose+0x37
C  [libxpc.dylib+0x6564]  _xpc_serializer_dispose+0x13f
C  [libxpc.dylib+0x450d]  _xpc_dispose+0xf
C  [libxpc.dylib+0x5686]  xpc_pipe_routine+0x297
C  [libxpc.dylib+0x5361]  _xpc_interface_routine+0xa4
C  [libxpc.dylib+0x4f14]  bootstrap_look_up3+0xc1
C  [libxpc.dylib+0x4e41]  bootstrap_look_up2+0x2d
C  [libxpc.dylib+0x70a3]  xpc_pipe_create+0x3d
C  [libsystem_info.dylib+0x1a8b]  _od_xpc_pipe+0x96
C  [libsystem_info.dylib+0x19c8]  _od_running+0xd
C  [libsystem_info.dylib+0x6181]  ds_group_byname+0x12
C  [libsystem_info.dylib+0x6102]  search_group_byname+0x66
C  [libsystem_info.dylib+0x6058]  getgrnam+0x33
C  [libspawner.jnilib+0x265e]  ptys_open+0x1e
C  [libspawner.jnilib+0x20ee]  exec_pty+0x22e
C  [libspawner.jnilib+0x1102]  Java_org_eclipse_cdt_utils_spawner_Spawner_exec2+0x182
j  org.eclipse.cdt.utils.spawner.Spawner.exec2([Ljava/lang/String;[Ljava/lang/String;Ljava/lang/String;[ILjava/lang/String;IZ)I+0
j  org.eclipse.cdt.utils.pty.PTY.exec_pty(Lorg/eclipse/cdt/utils/spawner/Spawner;[Ljava/lang/String;[Ljava/lang/String;Ljava/lang/String;[I)I+48
j  org.eclipse.cdt.utils.spawner.Spawner$2.execute([Ljava/lang/String;[Ljava/lang/String;Ljava/lang/String;[I)I+13
j  org.eclipse.cdt.utils.spawner.Spawner$Reaper.run()V+20
v  ~StubRoutines::call_stub
V  [libjvm.dylib+0x2ecf06]
V  [libjvm.dylib+0x2ed694]
V  [libjvm.dylib+0x2ed840]
V  [libjvm.dylib+0x348029]
V  [libjvm.dylib+0x5695ab]
V  [libjvm.dylib+0x56ac98]
V  [libjvm.dylib+0x48933a]
C  [libsystem_pthread.dylib+0x3aab]  _pthread_body+0xb4
C  [libsystem_pthread.dylib+0x39f7]  _pthread_body+0x0
C  [libsystem_pthread.dylib+0x31fd]  thread_start+0xd
C  0x0000000000000000

Java frames: (J=compiled Java code, j=interpreted, Vv=VM code)
j  org.eclipse.cdt.utils.spawner.Spawner.exec2([Ljava/lang/String;[Ljava/lang/String;Ljava/lang/String;[ILjava/lang/String;IZ)I+0
j  org.eclipse.cdt.utils.pty.PTY.exec_pty(Lorg/eclipse/cdt/utils/spawner/Spawner;[Ljava/lang/String;[Ljava/lang/String;Ljava/lang/String;[I)I+48
j  org.eclipse.cdt.utils.spawner.Spawner$2.execute([Ljava/lang/String;[Ljava/lang/String;Ljava/lang/String;[I)I+13
j  org.eclipse.cdt.utils.spawner.Spawner$Reaper.run()V+20
v  ~StubRoutines::call_stub

---------------  P R O C E S S  ---------------

Java Threads: ( => current thread )
=>0x0000000100b4e000 JavaThread "Spawner Reaper" daemon [_thread_in_native, id=93143, stack(0x000070000f7ff000,0x000070000f8ff000)]
  0x0000000125fea000 JavaThread "Worker-261" [_thread_blocked, id=82307, stack(0x000070000eee4000,0x000070000efe4000)]
  0x0000000106614800 JavaThread "Worker-260" [_thread_blocked, id=70659, stack(0x000070000f6fc000,0x000070000f7fc000)]
  0x00000001259e5000 JavaThread "Worker-259" [_thread_blocked, id=97875, stack(0x000070000f1f6000,0x000070000f2f6000)]
  0x00000001277f3800 JavaThread "Worker-258" [_thread_blocked, id=71407, stack(0x000070000f0f3000,0x000070000f1f3000)]
  0x00000001277f3000 JavaThread "org.eclipse.cdt.internal.ui.text.CReconciler" daemon [_thread_blocked, id=81475, stack(0x000070000ede1000,0x000070000eee1000)]
  0x0000000102a75800 JavaThread "Worker-257" [_thread_blocked, id=101219, stack(0x000070000e746000,0x000070000e846000)]
  0x000000012764a800 JavaThread "Worker-256" [_thread_blocked, id=55111, stack(0x000070000e2b7000,0x000070000e3b7000)]
  0x0000000125f7c000 JavaThread "Worker-255" [_thread_blocked, id=88359, stack(0x000070000e643000,0x000070000e743000)]
  0x0000000100854000 JavaThread "Worker-254" [_thread_blocked, id=92175, stack(0x000070000da99000,0x000070000db99000)]
  0x0000000100938000 JavaThread "Worker-251" [_thread_blocked, id=99731, stack(0x000070000e3ba000,0x000070000e4ba000)]
  0x0000000102e74800 JavaThread "org.eclipse.cdt.internal.ui.text.CReconciler" daemon [_thread_blocked, id=71911, stack(0x000070000ebd8000,0x000070000ecd8000)]
  0x0000000125113000 JavaThread "Thread-49" [_thread_in_native, id=84999, stack(0x000070000f5f9000,0x000070000f6f9000)]
  0x00000001254a1800 JavaThread "JavaScript indexing" daemon [_thread_blocked, id=80435, stack(0x000070000ead5000,0x000070000ebd5000)]
  0x0000000125577800 JavaThread "[ThreadPool Manager] - Idle Thread" daemon [_thread_blocked, id=86575, stack(0x000070000d996000,0x000070000da96000)]
  0x000000012705a000 JavaThread "Provisioning Event Dispatcher" daemon [_thread_blocked, id=96259, stack(0x000070001009a000,0x000070001019a000)]
  0x000000012518b800 JavaThread "Thread-13" [_thread_blocked, id=86311, stack(0x000070000f3f3000,0x000070000f4f3000)]
  0x0000000123a0e800 JavaThread "Timer-0" daemon [_thread_blocked, id=54279, stack(0x000070000e9d2000,0x000070000ead2000)]
  0x000000012528c800 JavaThread "EventAdmin Async Event Dispatcher Thread" daemon [_thread_blocked, id=54571, stack(0x000070000b7ad000,0x000070000b8ad000)]
  0x000000012396a000 JavaThread "Java indexing" daemon [_thread_blocked, id=68611, stack(0x000070000e4bd000,0x000070000e5bd000)]
  0x0000000100d9f800 JavaThread "Bundle File Closer" daemon [_thread_blocked, id=62227, stack(0x000070000deab000,0x000070000dfab000)]
  0x0000000102c64000 JavaThread "EMF Reference Cleaner" daemon [_thread_blocked, id=64259, stack(0x000070000e1b4000,0x000070000e2b4000)]
  0x0000000100b3e000 JavaThread "Worker-JM" [_thread_blocked, id=63747, stack(0x000070000e0b1000,0x000070000e1b1000)]
  0x0000000102d9c800 JavaThread "[Timer] - Main Queue Handler" daemon [_thread_blocked, id=63243, stack(0x000070000dfae000,0x000070000e0ae000)]
  0x0000000102d83800 JavaThread "Start Level: Equinox Container: e0af9675-21dc-0016-1b01-dae54ab2ac12" daemon [_thread_blocked, id=57091, stack(0x000070000dda8000,0x000070000dea8000)]
  0x0000000102d82800 JavaThread "Framework Event Dispatcher: org.eclipse.osgi.internal.framework.EquinoxEventPublisher@68b7d0ef" daemon [_thread_blocked, id=56579, stack(0x000070000dca5000,0x000070000dda5000)]
  0x0000000102c33000 JavaThread "Active Thread: Equinox Container: e0af9675-21dc-0016-1b01-dae54ab2ac12" [_thread_blocked, id=55827, stack(0x000070000dba2000,0x000070000dca2000)]
  0x0000000100818000 JavaThread "Service Thread" daemon [_thread_blocked, id=37635, stack(0x000070000d790000,0x000070000d890000)]
  0x0000000100815800 JavaThread "C1 CompilerThread3" daemon [_thread_blocked, id=37123, stack(0x000070000d68d000,0x000070000d78d000)]
  0x0000000101832000 JavaThread "C2 CompilerThread2" daemon [_thread_blocked, id=36611, stack(0x000070000d58a000,0x000070000d68a000)]
  0x0000000101831000 JavaThread "C2 CompilerThread1" daemon [_thread_blocked, id=36099, stack(0x000070000d487000,0x000070000d587000)]
  0x0000000101830800 JavaThread "C2 CompilerThread0" daemon [_thread_blocked, id=35587, stack(0x000070000d384000,0x000070000d484000)]
  0x0000000100811800 JavaThread "Signal Dispatcher" daemon [_thread_blocked, id=35075, stack(0x000070000d281000,0x000070000d381000)]
  0x0000000102929800 JavaThread "Surrogate Locker Thread (Concurrent GC)" daemon [_thread_blocked, id=34307, stack(0x000070000d17e000,0x000070000d27e000)]
  0x0000000102923800 JavaThread "Finalizer" daemon [_thread_blocked, id=33283, stack(0x000070000d07b000,0x000070000d17b000)]
  0x0000000102920800 JavaThread "Reference Handler" daemon [_thread_blocked, id=32771, stack(0x000070000cf78000,0x000070000d078000)]
  0x0000000102013800 JavaThread "main" [_thread_in_native, id=775, stack(0x00007fff5f400000,0x00007fff5fc00000)]

Other Threads:
  0x000000010291c000 VMThread [stack: 0x000070000ce75000,0x000070000cf75000] [id=32259]
  0x0000000100848000 WatcherThread [stack: 0x000070000d893000,0x000070000d993000] [id=38147]

VM state:not at safepoint (normal execution)

VM Mutex/Monitor currently owned by a thread: None

Heap:
 garbage-first heap   total 262144K, used 154509K [0x0000000780000000, 0x0000000780100800, 0x00000007c0000000)
  region size 1024K, 44 young (45056K), 6 survivors (6144K)
 Metaspace       used 136779K, capacity 149140K, committed 149348K, reserved 1179648K
  class space    used 16064K, capacity 19793K, committed 19812K, reserved 1048576K

Heap Regions: (Y=young(eden), SU=young(survivor), HS=humongous(starts), HC=humongous(continues), CS=collection set, F=free, TS=gc time stamp, PTAMS=previous top-at-mark-start, NTAMS=next top-at-mark-start)
AC   0  O    TS     0 PTAMS 0x0000000780100000 NTAMS 0x0000000780100000 space 1024K, 100% used [0x0000000780000000, 0x0000000780100000)
AC   0  O    TS     0 PTAMS 0x0000000780200000 NTAMS 0x0000000780200000 space 1024K, 100% used [0x0000000780100000, 0x0000000780200000)
AC   0  O    TS     0 PTAMS 0x0000000780300000 NTAMS 0x0000000780300000 space 1024K, 100% used [0x0000000780200000, 0x0000000780300000)
AC   0  O    TS     0 PTAMS 0x0000000780400000 NTAMS 0x0000000780400000 space 1024K, 100% used [0x0000000780300000, 0x0000000780400000)
AC   0  O    TS     0 PTAMS 0x0000000780500000 NTAMS 0x0000000780500000 space 1024K, 100% used [0x0000000780400000, 0x0000000780500000)
AC   0  O    TS     0 PTAMS 0x0000000780600000 NTAMS 0x0000000780600000 space 1024K, 100% used [0x0000000780500000, 0x0000000780600000)
AC   0  O    TS     0 PTAMS 0x0000000780700000 NTAMS 0x0000000780700000 space 1024K, 100% used [0x0000000780600000, 0x0000000780700000)
AC   0  O    TS     0 PTAMS 0x0000000780800000 NTAMS 0x0000000780800000 space 1024K, 100% used [0x0000000780700000, 0x0000000780800000)
AC   0  O    TS     0 PTAMS 0x0000000780900000 NTAMS 0x0000000780900000 space 1024K, 100% used [0x0000000780800000, 0x0000000780900000)
AC   0  O    TS     0 PTAMS 0x0000000780a00000 NTAMS 0x0000000780a00000 space 1024K, 100% used [0x0000000780900000, 0x0000000780a00000)
AC   0  O    TS     0 PTAMS 0x0000000780b00000 NTAMS 0x0000000780b00000 space 1024K, 100% used [0x0000000780a00000, 0x0000000780b00000)
AC   0  O    TS     0 PTAMS 0x0000000780c00000 NTAMS 0x0000000780c00000 space 1024K, 100% used [0x0000000780b00000, 0x0000000780c00000)
AC   0  O    TS     5 PTAMS 0x0000000780c00000 NTAMS 0x0000000780c00000 space 1024K, 100% used [0x0000000780c00000, 0x0000000780d00000)
AC   0  O    TS     0 PTAMS 0x0000000780e00000 NTAMS 0x0000000780e00000 space 1024K, 100% used [0x0000000780d00000, 0x0000000780e00000)
AC   0  O    TS     0 PTAMS 0x0000000780f00000 NTAMS 0x0000000780f00000 space 1024K, 100% used [0x0000000780e00000, 0x0000000780f00000)
AC   0  O    TS     0 PTAMS 0x0000000781000000 NTAMS 0x0000000781000000 space 1024K, 100% used [0x0000000780f00000, 0x0000000781000000)
AC   0  O    TS     0 PTAMS 0x0000000781100000 NTAMS 0x0000000781100000 space 1024K, 100% used [0x0000000781000000, 0x0000000781100000)
AC   0  O    TS     0 PTAMS 0x0000000781200000 NTAMS 0x0000000781200000 space 1024K, 100% used [0x0000000781100000, 0x0000000781200000)
AC   0  O    TS     0 PTAMS 0x0000000781300000 NTAMS 0x0000000781300000 space 1024K, 100% used [0x0000000781200000, 0x0000000781300000)
AC   0  O    TS     3 PTAMS 0x0000000781300000 NTAMS 0x0000000781300000 space 1024K, 100% used [0x0000000781300000, 0x0000000781400000)
AC   0  O    TS     0 PTAMS 0x0000000781500000 NTAMS 0x0000000781500000 space 1024K, 100% used [0x0000000781400000, 0x0000000781500000)
AC   0  O    TS     0 PTAMS 0x0000000781600000 NTAMS 0x0000000781600000 space 1024K, 100% used [0x0000000781500000, 0x0000000781600000)
AC   0  O    TS     5 PTAMS 0x0000000781600000 NTAMS 0x0000000781600000 space 1024K, 100% used [0x0000000781600000, 0x0000000781700000)
AC   0  O    TS     7 PTAMS 0x0000000781700000 NTAMS 0x0000000781700000 space 1024K, 100% used [0x0000000781700000, 0x0000000781800000)
AC   0  O    TS     0 PTAMS 0x0000000781900000 NTAMS 0x0000000781900000 space 1024K, 100% used [0x0000000781800000, 0x0000000781900000)
AC   0  O    TS     0 PTAMS 0x0000000781a00000 NTAMS 0x0000000781a00000 space 1024K, 100% used [0x0000000781900000, 0x0000000781a00000)
AC   0  O    TS     0 PTAMS 0x0000000781b00000 NTAMS 0x0000000781b00000 space 1024K, 100% used [0x0000000781a00000, 0x0000000781b00000)
AC   0  O    TS     0 PTAMS 0x0000000781c00000 NTAMS 0x0000000781c00000 space 1024K, 100% used [0x0000000781b00000, 0x0000000781c00000)
AC   0  O    TS     0 PTAMS 0x0000000781d00000 NTAMS 0x0000000781d00000 space 1024K, 100% used [0x0000000781c00000, 0x0000000781d00000)
AC   0  O    TS     0 PTAMS 0x0000000781e00000 NTAMS 0x0000000781e00000 space 1024K, 100% used [0x0000000781d00000, 0x0000000781e00000)
AC   0  O    TS     5 PTAMS 0x0000000781e00000 NTAMS 0x0000000781e00000 space 1024K, 100% used [0x0000000781e00000, 0x0000000781f00000)
AC   0  O    TS     0 PTAMS 0x0000000782000000 NTAMS 0x0000000782000000 space 1024K, 100% used [0x0000000781f00000, 0x0000000782000000)
AC   0  O    TS     0 PTAMS 0x0000000782100000 NTAMS 0x0000000782100000 space 1024K, 100% used [0x0000000782000000, 0x0000000782100000)
AC   0  O    TS     7 PTAMS 0x0000000782100000 NTAMS 0x0000000782100000 space 1024K, 100% used [0x0000000782100000, 0x0000000782200000)
AC   0  O    TS     0 PTAMS 0x0000000782300000 NTAMS 0x0000000782300000 space 1024K, 100% used [0x0000000782200000, 0x0000000782300000)
AC   0  O    TS     0 PTAMS 0x0000000782400000 NTAMS 0x0000000782400000 space 1024K, 100% used [0x0000000782300000, 0x0000000782400000)
AC   0  O    TS     0 PTAMS 0x0000000782500000 NTAMS 0x0000000782500000 space 1024K, 100% used [0x0000000782400000, 0x0000000782500000)
AC   0  O    TS     0 PTAMS 0x0000000782600000 NTAMS 0x0000000782600000 space 1024K, 100% used [0x0000000782500000, 0x0000000782600000)
AC   0  O    TS     0 PTAMS 0x0000000782700000 NTAMS 0x0000000782700000 space 1024K, 100% used [0x0000000782600000, 0x0000000782700000)
AC   0  O    TS     0 PTAMS 0x0000000782800000 NTAMS 0x0000000782800000 space 1024K, 100% used [0x0000000782700000, 0x0000000782800000)
AC   0  O    TS     5 PTAMS 0x0000000782800000 NTAMS 0x0000000782800000 space 1024K, 100% used [0x0000000782800000, 0x0000000782900000)
AC   0  O    TS     0 PTAMS 0x0000000782a00000 NTAMS 0x0000000782a00000 space 1024K, 100% used [0x0000000782900000, 0x0000000782a00000)
AC   0  O    TS     0 PTAMS 0x0000000782b00000 NTAMS 0x0000000782b00000 space 1024K, 100% used [0x0000000782a00000, 0x0000000782b00000)
AC   0  O    TS     5 PTAMS 0x0000000782b00000 NTAMS 0x0000000782b00000 space 1024K, 100% used [0x0000000782b00000, 0x0000000782c00000)
AC   0  O    TS     0 PTAMS 0x0000000782d00000 NTAMS 0x0000000782d00000 space 1024K, 100% used [0x0000000782c00000, 0x0000000782d00000)
AC   0  O    TS     0 PTAMS 0x0000000782e00000 NTAMS 0x0000000782e00000 space 1024K, 100% used [0x0000000782d00000, 0x0000000782e00000)
AC   0  O    TS     0 PTAMS 0x0000000782f00000 NTAMS 0x0000000782f00000 space 1024K, 100% used [0x0000000782e00000, 0x0000000782f00000)
AC   0  O    TS     0 PTAMS 0x0000000783000000 NTAMS 0x0000000783000000 space 1024K, 100% used [0x0000000782f00000, 0x0000000783000000)
AC   0  O    TS     0 PTAMS 0x0000000783100000 NTAMS 0x0000000783100000 space 1024K, 100% used [0x0000000783000000, 0x0000000783100000)
AC   0  O    TS     0 PTAMS 0x0000000783200000 NTAMS 0x0000000783200000 space 1024K, 100% used [0x0000000783100000, 0x0000000783200000)
AC   0  O    TS     5 PTAMS 0x0000000783200000 NTAMS 0x0000000783200000 space 1024K, 100% used [0x0000000783200000, 0x0000000783300000)
AC   0  O    TS     0 PTAMS 0x0000000783400000 NTAMS 0x0000000783400000 space 1024K, 100% used [0x0000000783300000, 0x0000000783400000)
AC   0  O    TS     5 PTAMS 0x0000000783400000 NTAMS 0x0000000783400000 space 1024K, 100% used [0x0000000783400000, 0x0000000783500000)
AC   0  O    TS     0 PTAMS 0x0000000783600000 NTAMS 0x0000000783600000 space 1024K, 100% used [0x0000000783500000, 0x0000000783600000)
AC   0  O    TS     0 PTAMS 0x0000000783700000 NTAMS 0x0000000783700000 space 1024K, 100% used [0x0000000783600000, 0x0000000783700000)
AC   0  O    TS     0 PTAMS 0x0000000783800000 NTAMS 0x0000000783800000 space 1024K, 100% used [0x0000000783700000, 0x0000000783800000)
AC   0  O    TS     0 PTAMS 0x0000000783900000 NTAMS 0x0000000783900000 space 1024K, 100% used [0x0000000783800000, 0x0000000783900000)
AC   0  O    TS     5 PTAMS 0x0000000783900000 NTAMS 0x0000000783900000 space 1024K, 100% used [0x0000000783900000, 0x0000000783a00000)
AC   0  O    TS     0 PTAMS 0x0000000783b00000 NTAMS 0x0000000783b00000 space 1024K, 100% used [0x0000000783a00000, 0x0000000783b00000)
AC   0  O    TS     5 PTAMS 0x0000000783b00000 NTAMS 0x0000000783b00000 space 1024K, 100% used [0x0000000783b00000, 0x0000000783c00000)
AC   0  O    TS     5 PTAMS 0x0000000783c00000 NTAMS 0x0000000783c00000 space 1024K, 100% used [0x0000000783c00000, 0x0000000783d00000)
AC   0  O    TS     0 PTAMS 0x0000000783e00000 NTAMS 0x0000000783e00000 space 1024K, 100% used [0x0000000783d00000, 0x0000000783e00000)
AC   0  O    TS     0 PTAMS 0x0000000783f00000 NTAMS 0x0000000783f00000 space 1024K, 100% used [0x0000000783e00000, 0x0000000783f00000)
AC   0  O    TS     0 PTAMS 0x0000000784000000 NTAMS 0x0000000784000000 space 1024K, 100% used [0x0000000783f00000, 0x0000000784000000)
AC   0  O    TS     5 PTAMS 0x0000000784000000 NTAMS 0x0000000784000000 space 1024K, 100% used [0x0000000784000000, 0x0000000784100000)
AC   0  O    TS     0 PTAMS 0x0000000784200000 NTAMS 0x0000000784200000 space 1024K, 100% used [0x0000000784100000, 0x0000000784200000)
AC   0  O    TS     0 PTAMS 0x0000000784300000 NTAMS 0x0000000784300000 space 1024K, 100% used [0x0000000784200000, 0x0000000784300000)
AC   0  O    TS     0 PTAMS 0x0000000784400000 NTAMS 0x0000000784400000 space 1024K, 100% used [0x0000000784300000, 0x0000000784400000)
AC   0  O    TS     0 PTAMS 0x0000000784500000 NTAMS 0x0000000784500000 space 1024K, 100% used [0x0000000784400000, 0x0000000784500000)
AC   0  O    TS     7 PTAMS 0x0000000784500000 NTAMS 0x0000000784500000 space 1024K, 100% used [0x0000000784500000, 0x0000000784600000)
AC   0  O    TS    13 PTAMS 0x0000000784600000 NTAMS 0x0000000784600000 space 1024K,  50% used [0x0000000784600000, 0x0000000784700000)
AC   0  F    TS     0 PTAMS 0x0000000784700000 NTAMS 0x0000000784700000 space 1024K,   0% used [0x0000000784700000, 0x0000000784800000)
AC   0  O    TS     0 PTAMS 0x0000000784900000 NTAMS 0x0000000784900000 space 1024K, 100% used [0x0000000784800000, 0x0000000784900000)
AC   0  O    TS     5 PTAMS 0x0000000784900000 NTAMS 0x0000000784900000 space 1024K, 100% used [0x0000000784900000, 0x0000000784a00000)
AC   0  F    TS     0 PTAMS 0x0000000784a00000 NTAMS 0x0000000784a00000 space 1024K,   0% used [0x0000000784a00000, 0x0000000784b00000)
AC   0  F    TS     0 PTAMS 0x0000000784b00000 NTAMS 0x0000000784b00000 space 1024K,   0% used [0x0000000784b00000, 0x0000000784c00000)
AC   0  O    TS     5 PTAMS 0x0000000784c00000 NTAMS 0x0000000784c00000 space 1024K, 100% used [0x0000000784c00000, 0x0000000784d00000)
AC   0  F    TS     0 PTAMS 0x0000000784d00000 NTAMS 0x0000000784d00000 space 1024K,   0% used [0x0000000784d00000, 0x0000000784e00000)
AC   0  O    TS     0 PTAMS 0x0000000784f00000 NTAMS 0x0000000784f00000 space 1024K, 100% used [0x0000000784e00000, 0x0000000784f00000)
AC   0  O    TS     0 PTAMS 0x0000000785000000 NTAMS 0x0000000785000000 space 1024K, 100% used [0x0000000784f00000, 0x0000000785000000)
AC   0  O    TS     0 PTAMS 0x0000000785100000 NTAMS 0x0000000785100000 space 1024K, 100% used [0x0000000785000000, 0x0000000785100000)
AC   0  F    TS     0 PTAMS 0x0000000785100000 NTAMS 0x0000000785100000 space 1024K,   0% used [0x0000000785100000, 0x0000000785200000)
AC   0  O    TS     0 PTAMS 0x0000000785300000 NTAMS 0x0000000785300000 space 1024K, 100% used [0x0000000785200000, 0x0000000785300000)
AC   0  F    TS     0 PTAMS 0x0000000785300000 NTAMS 0x0000000785300000 space 1024K,   0% used [0x0000000785300000, 0x0000000785400000)
AC   0  O    TS     0 PTAMS 0x0000000785500000 NTAMS 0x0000000785500000 space 1024K, 100% used [0x0000000785400000, 0x0000000785500000)
AC   0  F    TS     0 PTAMS 0x0000000785500000 NTAMS 0x0000000785500000 space 1024K,   0% used [0x0000000785500000, 0x0000000785600000)
AC   0  O    TS     5 PTAMS 0x0000000785600000 NTAMS 0x0000000785600000 space 1024K, 100% used [0x0000000785600000, 0x0000000785700000)
AC   0  O    TS     0 PTAMS 0x0000000785800000 NTAMS 0x0000000785800000 space 1024K, 100% used [0x0000000785700000, 0x0000000785800000)
AC   0  F    TS     0 PTAMS 0x0000000785800000 NTAMS 0x0000000785800000 space 1024K,   0% used [0x0000000785800000, 0x0000000785900000)
AC   0  O    TS     0 PTAMS 0x0000000785a00000 NTAMS 0x0000000785a00000 space 1024K, 100% used [0x0000000785900000, 0x0000000785a00000)
AC   0  O    TS     7 PTAMS 0x0000000785a00000 NTAMS 0x0000000785a00000 space 1024K, 100% used [0x0000000785a00000, 0x0000000785b00000)
AC   0  F    TS     0 PTAMS 0x0000000785b00000 NTAMS 0x0000000785b00000 space 1024K,   0% used [0x0000000785b00000, 0x0000000785c00000)
AC   0  O    TS     3 PTAMS 0x0000000785c79a00 NTAMS 0x0000000785c79a00 space 1024K, 100% used [0x0000000785c00000, 0x0000000785d00000)
AC   0  F    TS     0 PTAMS 0x0000000785d00000 NTAMS 0x0000000785d00000 space 1024K,   0% used [0x0000000785d00000, 0x0000000785e00000)
AC   0  O    TS     0 PTAMS 0x0000000785f00000 NTAMS 0x0000000785f00000 space 1024K, 100% used [0x0000000785e00000, 0x0000000785f00000)
AC   0  O    TS     0 PTAMS 0x0000000786000000 NTAMS 0x0000000786000000 space 1024K, 100% used [0x0000000785f00000, 0x0000000786000000)
AC   0  O    TS     0 PTAMS 0x0000000786100000 NTAMS 0x0000000786100000 space 1024K, 100% used [0x0000000786000000, 0x0000000786100000)
AC   0  O    TS     0 PTAMS 0x0000000786200000 NTAMS 0x0000000786200000 space 1024K, 100% used [0x0000000786100000, 0x0000000786200000)
AC   0  O    TS     0 PTAMS 0x0000000786300000 NTAMS 0x0000000786300000 space 1024K, 100% used [0x0000000786200000, 0x0000000786300000)
AC   0  O    TS     0 PTAMS 0x0000000786400000 NTAMS 0x0000000786400000 space 1024K, 100% used [0x0000000786300000, 0x0000000786400000)
AC   0  O    TS     0 PTAMS 0x0000000786500000 NTAMS 0x0000000786500000 space 1024K, 100% used [0x0000000786400000, 0x0000000786500000)
AC   0  F    TS     0 PTAMS 0x0000000786500000 NTAMS 0x0000000786500000 space 1024K,   0% used [0x0000000786500000, 0x0000000786600000)
AC   0  O    TS     0 PTAMS 0x0000000786700000 NTAMS 0x0000000786700000 space 1024K, 100% used [0x0000000786600000, 0x0000000786700000)
AC   0  F    TS     0 PTAMS 0x0000000786700000 NTAMS 0x0000000786700000 space 1024K,   0% used [0x0000000786700000, 0x0000000786800000)
AC   0  F    TS     0 PTAMS 0x0000000786800000 NTAMS 0x0000000786800000 space 1024K,   0% used [0x0000000786800000, 0x0000000786900000)
AC   0  O    TS     0 PTAMS 0x0000000786a00000 NTAMS 0x0000000786a00000 space 1024K, 100% used [0x0000000786900000, 0x0000000786a00000)
AC   0  O    TS     0 PTAMS 0x0000000786b00000 NTAMS 0x0000000786b00000 space 1024K, 100% used [0x0000000786a00000, 0x0000000786b00000)
AC   0  F    TS     0 PTAMS 0x0000000786b00000 NTAMS 0x0000000786b00000 space 1024K,   0% used [0x0000000786b00000, 0x0000000786c00000)
AC   0  F    TS     0 PTAMS 0x0000000786c00000 NTAMS 0x0000000786c00000 space 1024K,   0% used [0x0000000786c00000, 0x0000000786d00000)
AC   0  O    TS     0 PTAMS 0x0000000786e00000 NTAMS 0x0000000786e00000 space 1024K, 100% used [0x0000000786d00000, 0x0000000786e00000)
AC   0  F    TS     0 PTAMS 0x0000000786e00000 NTAMS 0x0000000786e00000 space 1024K,   0% used [0x0000000786e00000, 0x0000000786f00000)
AC   0  O    TS     0 PTAMS 0x0000000787000000 NTAMS 0x0000000787000000 space 1024K, 100% used [0x0000000786f00000, 0x0000000787000000)
AC   0  O    TS     0 PTAMS 0x0000000787100000 NTAMS 0x0000000787100000 space 1024K, 100% used [0x0000000787000000, 0x0000000787100000)
AC   0  O    TS     0 PTAMS 0x0000000787200000 NTAMS 0x0000000787200000 space 1024K, 100% used [0x0000000787100000, 0x0000000787200000)
AC   0  O    TS     0 PTAMS 0x0000000787300000 NTAMS 0x0000000787300000 space 1024K, 100% used [0x0000000787200000, 0x0000000787300000)
AC   0  F    TS     0 PTAMS 0x0000000787300000 NTAMS 0x0000000787300000 space 1024K,   0% used [0x0000000787300000, 0x0000000787400000)
AC   0  O    TS     0 PTAMS 0x0000000787500000 NTAMS 0x0000000787500000 space 1024K, 100% used [0x0000000787400000, 0x0000000787500000)
AC   0  O    TS     0 PTAMS 0x0000000787600000 NTAMS 0x0000000787600000 space 1024K, 100% used [0x0000000787500000, 0x0000000787600000)
AC   0  F    TS     0 PTAMS 0x0000000787600000 NTAMS 0x0000000787600000 space 1024K,   0% used [0x0000000787600000, 0x0000000787700000)
AC   0  O    TS     0 PTAMS 0x0000000787800000 NTAMS 0x0000000787800000 space 1024K, 100% used [0x0000000787700000, 0x0000000787800000)
AC   0  F    TS     0 PTAMS 0x0000000787800000 NTAMS 0x0000000787800000 space 1024K,   0% used [0x0000000787800000, 0x0000000787900000)
AC   0  F    TS     0 PTAMS 0x0000000787900000 NTAMS 0x0000000787900000 space 1024K,   0% used [0x0000000787900000, 0x0000000787a00000)
AC   0  F    TS     0 PTAMS 0x0000000787a00000 NTAMS 0x0000000787a00000 space 1024K,   0% used [0x0000000787a00000, 0x0000000787b00000)
AC   0  F    TS     0 PTAMS 0x0000000787b00000 NTAMS 0x0000000787b00000 space 1024K,   0% used [0x0000000787b00000, 0x0000000787c00000)
AC   0  F    TS     0 PTAMS 0x0000000787c00000 NTAMS 0x0000000787c00000 space 1024K,   0% used [0x0000000787c00000, 0x0000000787d00000)
AC   0  F    TS     0 PTAMS 0x0000000787d00000 NTAMS 0x0000000787d00000 space 1024K,   0% used [0x0000000787d00000, 0x0000000787e00000)
AC   0  F    TS     0 PTAMS 0x0000000787e00000 NTAMS 0x0000000787e00000 space 1024K,   0% used [0x0000000787e00000, 0x0000000787f00000)
AC   0  S CS TS    13 PTAMS 0x0000000787f00000 NTAMS 0x0000000787f00000 space 1024K,  38% used [0x0000000787f00000, 0x0000000788000000)
AC   0  S CS TS    13 PTAMS 0x0000000788000000 NTAMS 0x0000000788000000 space 1024K, 100% used [0x0000000788000000, 0x0000000788100000)
AC   0  S CS TS    13 PTAMS 0x0000000788100000 NTAMS 0x0000000788100000 space 1024K, 100% used [0x0000000788100000, 0x0000000788200000)
AC   0  S CS TS    13 PTAMS 0x0000000788200000 NTAMS 0x0000000788200000 space 1024K, 100% used [0x0000000788200000, 0x0000000788300000)
AC   0  F    TS    11 PTAMS 0x0000000788300000 NTAMS 0x0000000788300000 space 1024K,   0% used [0x0000000788300000, 0x0000000788400000)
AC   0  F    TS    11 PTAMS 0x0000000788400000 NTAMS 0x0000000788400000 space 1024K,   0% used [0x0000000788400000, 0x0000000788500000)
AC   0  F    TS    11 PTAMS 0x0000000788500000 NTAMS 0x0000000788500000 space 1024K,   0% used [0x0000000788500000, 0x0000000788600000)
AC   0  S CS TS    13 PTAMS 0x0000000788600000 NTAMS 0x0000000788600000 space 1024K, 100% used [0x0000000788600000, 0x0000000788700000)
AC   0  S CS TS    13 PTAMS 0x0000000788700000 NTAMS 0x0000000788700000 space 1024K, 100% used [0x0000000788700000, 0x0000000788800000)
AC   0  F    TS     0 PTAMS 0x0000000788800000 NTAMS 0x0000000788800000 space 1024K,   0% used [0x0000000788800000, 0x0000000788900000)
AC   0  F    TS     0 PTAMS 0x0000000788900000 NTAMS 0x0000000788900000 space 1024K,   0% used [0x0000000788900000, 0x0000000788a00000)
AC   0  F    TS     0 PTAMS 0x0000000788a00000 NTAMS 0x0000000788a00000 space 1024K,   0% used [0x0000000788a00000, 0x0000000788b00000)
AC   0  F    TS     0 PTAMS 0x0000000788b00000 NTAMS 0x0000000788b00000 space 1024K,   0% used [0x0000000788b00000, 0x0000000788c00000)
AC   0  F    TS     0 PTAMS 0x0000000788c00000 NTAMS 0x0000000788c00000 space 1024K,   0% used [0x0000000788c00000, 0x0000000788d00000)
AC   0  F    TS     0 PTAMS 0x0000000788d00000 NTAMS 0x0000000788d00000 space 1024K,   0% used [0x0000000788d00000, 0x0000000788e00000)
AC   0  F    TS     0 PTAMS 0x0000000788e00000 NTAMS 0x0000000788e00000 space 1024K,   0% used [0x0000000788e00000, 0x0000000788f00000)
AC   0  F    TS     0 PTAMS 0x0000000788f00000 NTAMS 0x0000000788f00000 space 1024K,   0% used [0x0000000788f00000, 0x0000000789000000)
AC   0  F    TS     0 PTAMS 0x0000000789000000 NTAMS 0x0000000789000000 space 1024K,   0% used [0x0000000789000000, 0x0000000789100000)
AC   0  F    TS     0 PTAMS 0x0000000789100000 NTAMS 0x0000000789100000 space 1024K,   0% used [0x0000000789100000, 0x0000000789200000)
AC   0  F    TS     0 PTAMS 0x0000000789200000 NTAMS 0x0000000789200000 space 1024K,   0% used [0x0000000789200000, 0x0000000789300000)
AC   0  F    TS     0 PTAMS 0x0000000789300000 NTAMS 0x0000000789300000 space 1024K,   0% used [0x0000000789300000, 0x0000000789400000)
AC   0  F    TS     0 PTAMS 0x0000000789400000 NTAMS 0x0000000789400000 space 1024K,   0% used [0x0000000789400000, 0x0000000789500000)
AC   0  F    TS     0 PTAMS 0x0000000789500000 NTAMS 0x0000000789500000 space 1024K,   0% used [0x0000000789500000, 0x0000000789600000)
AC   0  F    TS     0 PTAMS 0x0000000789600000 NTAMS 0x0000000789600000 space 1024K,   0% used [0x0000000789600000, 0x0000000789700000)
AC   0  F    TS     0 PTAMS 0x0000000789700000 NTAMS 0x0000000789700000 space 1024K,   0% used [0x0000000789700000, 0x0000000789800000)
AC   0  F    TS     0 PTAMS 0x0000000789800000 NTAMS 0x0000000789800000 space 1024K,   0% used [0x0000000789800000, 0x0000000789900000)
AC   0  O    TS     0 PTAMS 0x0000000789a00000 NTAMS 0x0000000789a00000 space 1024K, 100% used [0x0000000789900000, 0x0000000789a00000)
AC   0  O    TS     0 PTAMS 0x0000000789b00000 NTAMS 0x0000000789b00000 space 1024K, 100% used [0x0000000789a00000, 0x0000000789b00000)
AC   0  F    TS     0 PTAMS 0x0000000789b00000 NTAMS 0x0000000789b00000 space 1024K,   0% used [0x0000000789b00000, 0x0000000789c00000)
AC   0  F    TS     0 PTAMS 0x0000000789c00000 NTAMS 0x0000000789c00000 space 1024K,   0% used [0x0000000789c00000, 0x0000000789d00000)
AC   0  F    TS     0 PTAMS 0x0000000789d00000 NTAMS 0x0000000789d00000 space 1024K,   0% used [0x0000000789d00000, 0x0000000789e00000)
AC   0  F    TS     0 PTAMS 0x0000000789e00000 NTAMS 0x0000000789e00000 space 1024K,   0% used [0x0000000789e00000, 0x0000000789f00000)
AC   0  F    TS     0 PTAMS 0x0000000789f00000 NTAMS 0x0000000789f00000 space 1024K,   0% used [0x0000000789f00000, 0x000000078a000000)
AC   0  F    TS     0 PTAMS 0x000000078a000000 NTAMS 0x000000078a000000 space 1024K,   0% used [0x000000078a000000, 0x000000078a100000)
AC   0  F    TS     0 PTAMS 0x000000078a100000 NTAMS 0x000000078a100000 space 1024K,   0% used [0x000000078a100000, 0x000000078a200000)
AC   0  F    TS     0 PTAMS 0x000000078a200000 NTAMS 0x000000078a200000 space 1024K,   0% used [0x000000078a200000, 0x000000078a300000)
AC   0  F    TS     0 PTAMS 0x000000078a300000 NTAMS 0x000000078a300000 space 1024K,   0% used [0x000000078a300000, 0x000000078a400000)
AC   0  F    TS     0 PTAMS 0x000000078a400000 NTAMS 0x000000078a400000 space 1024K,   0% used [0x000000078a400000, 0x000000078a500000)
AC   0  F    TS     0 PTAMS 0x000000078a500000 NTAMS 0x000000078a500000 space 1024K,   0% used [0x000000078a500000, 0x000000078a600000)
AC   0  F    TS     0 PTAMS 0x000000078a600000 NTAMS 0x000000078a600000 space 1024K,   0% used [0x000000078a600000, 0x000000078a700000)
AC   0  F    TS     0 PTAMS 0x000000078a700000 NTAMS 0x000000078a700000 space 1024K,   0% used [0x000000078a700000, 0x000000078a800000)
AC   0  O    TS     0 PTAMS 0x000000078a900000 NTAMS 0x000000078a900000 space 1024K, 100% used [0x000000078a800000, 0x000000078a900000)
AC   0  F    TS     0 PTAMS 0x000000078a900000 NTAMS 0x000000078a900000 space 1024K,   0% used [0x000000078a900000, 0x000000078aa00000)
AC   0  O    TS     0 PTAMS 0x000000078ab00000 NTAMS 0x000000078ab00000 space 1024K, 100% used [0x000000078aa00000, 0x000000078ab00000)
AC   0  F    TS     0 PTAMS 0x000000078ab00000 NTAMS 0x000000078ab00000 space 1024K,   0% used [0x000000078ab00000, 0x000000078ac00000)
AC   0  O    TS     0 PTAMS 0x000000078ad00000 NTAMS 0x000000078ad00000 space 1024K, 100% used [0x000000078ac00000, 0x000000078ad00000)
AC   0  F    TS     0 PTAMS 0x000000078ad00000 NTAMS 0x000000078ad00000 space 1024K,   0% used [0x000000078ad00000, 0x000000078ae00000)
AC   0  F    TS     0 PTAMS 0x000000078ae00000 NTAMS 0x000000078ae00000 space 1024K,   0% used [0x000000078ae00000, 0x000000078af00000)
AC   0  O    TS     0 PTAMS 0x000000078b000000 NTAMS 0x000000078b000000 space 1024K, 100% used [0x000000078af00000, 0x000000078b000000)
AC   0  O    TS     0 PTAMS 0x000000078b100000 NTAMS 0x000000078b100000 space 1024K, 100% used [0x000000078b000000, 0x000000078b100000)
AC   0  F    TS     0 PTAMS 0x000000078b100000 NTAMS 0x000000078b100000 space 1024K,   0% used [0x000000078b100000, 0x000000078b200000)
AC   0  F    TS     0 PTAMS 0x000000078b200000 NTAMS 0x000000078b200000 space 1024K,   0% used [0x000000078b200000, 0x000000078b300000)
AC   0  F    TS     0 PTAMS 0x000000078b300000 NTAMS 0x000000078b300000 space 1024K,   0% used [0x000000078b300000, 0x000000078b400000)
AC   0  F    TS     0 PTAMS 0x000000078b400000 NTAMS 0x000000078b400000 space 1024K,   0% used [0x000000078b400000, 0x000000078b500000)
AC   0  F    TS     0 PTAMS 0x000000078b500000 NTAMS 0x000000078b500000 space 1024K,   0% used [0x000000078b500000, 0x000000078b600000)
AC   0  F    TS     0 PTAMS 0x000000078b600000 NTAMS 0x000000078b600000 space 1024K,   0% used [0x000000078b600000, 0x000000078b700000)
AC   0  F    TS     0 PTAMS 0x000000078b700000 NTAMS 0x000000078b700000 space 1024K,   0% used [0x000000078b700000, 0x000000078b800000)
AC   0  F    TS     1 PTAMS 0x000000078b800000 NTAMS 0x000000078b800000 space 1024K,   0% used [0x000000078b800000, 0x000000078b900000)
AC   0  F    TS     1 PTAMS 0x000000078b900000 NTAMS 0x000000078b900000 space 1024K,   0% used [0x000000078b900000, 0x000000078ba00000)
AC   0  F    TS     0 PTAMS 0x000000078ba00000 NTAMS 0x000000078ba00000 space 1024K,   0% used [0x000000078ba00000, 0x000000078bb00000)
AC   0  F    TS     0 PTAMS 0x000000078bb00000 NTAMS 0x000000078bb00000 space 1024K,   0% used [0x000000078bb00000, 0x000000078bc00000)
AC   0  F    TS     0 PTAMS 0x000000078bc00000 NTAMS 0x000000078bc00000 space 1024K,   0% used [0x000000078bc00000, 0x000000078bd00000)
AC   0  F    TS     0 PTAMS 0x000000078bd00000 NTAMS 0x000000078bd00000 space 1024K,   0% used [0x000000078bd00000, 0x000000078be00000)
AC   0  F    TS     0 PTAMS 0x000000078be00000 NTAMS 0x000000078be00000 space 1024K,   0% used [0x000000078be00000, 0x000000078bf00000)
AC   0  F    TS     0 PTAMS 0x000000078bf00000 NTAMS 0x000000078bf00000 space 1024K,   0% used [0x000000078bf00000, 0x000000078c000000)
AC   0  F    TS     0 PTAMS 0x000000078c000000 NTAMS 0x000000078c000000 space 1024K,   0% used [0x000000078c000000, 0x000000078c100000)
AC   0  F    TS     0 PTAMS 0x000000078c100000 NTAMS 0x000000078c100000 space 1024K,   0% used [0x000000078c100000, 0x000000078c200000)
AC   0  F    TS     0 PTAMS 0x000000078c200000 NTAMS 0x000000078c200000 space 1024K,   0% used [0x000000078c200000, 0x000000078c300000)
AC   0  F    TS     0 PTAMS 0x000000078c300000 NTAMS 0x000000078c300000 space 1024K,   0% used [0x000000078c300000, 0x000000078c400000)
AC   0  F    TS     0 PTAMS 0x000000078c400000 NTAMS 0x000000078c400000 space 1024K,   0% used [0x000000078c400000, 0x000000078c500000)
AC   0  F    TS     0 PTAMS 0x000000078c500000 NTAMS 0x000000078c500000 space 1024K,   0% used [0x000000078c500000, 0x000000078c600000)
AC   0  F    TS     0 PTAMS 0x000000078c600000 NTAMS 0x000000078c600000 space 1024K,   0% used [0x000000078c600000, 0x000000078c700000)
AC   0  F    TS     0 PTAMS 0x000000078c700000 NTAMS 0x000000078c700000 space 1024K,   0% used [0x000000078c700000, 0x000000078c800000)
AC   0  F    TS     0 PTAMS 0x000000078c800000 NTAMS 0x000000078c800000 space 1024K,   0% used [0x000000078c800000, 0x000000078c900000)
AC   0  F    TS     0 PTAMS 0x000000078c900000 NTAMS 0x000000078c900000 space 1024K,   0% used [0x000000078c900000, 0x000000078ca00000)
AC   0  F    TS     0 PTAMS 0x000000078ca00000 NTAMS 0x000000078ca00000 space 1024K,   0% used [0x000000078ca00000, 0x000000078cb00000)
AC   0  F    TS     0 PTAMS 0x000000078cb00000 NTAMS 0x000000078cb00000 space 1024K,   0% used [0x000000078cb00000, 0x000000078cc00000)
AC   0  F    TS     0 PTAMS 0x000000078cc00000 NTAMS 0x000000078cc00000 space 1024K,   0% used [0x000000078cc00000, 0x000000078cd00000)
AC   0  F    TS     0 PTAMS 0x000000078cd00000 NTAMS 0x000000078cd00000 space 1024K,   0% used [0x000000078cd00000, 0x000000078ce00000)
AC   0  F    TS     0 PTAMS 0x000000078ce00000 NTAMS 0x000000078ce00000 space 1024K,   0% used [0x000000078ce00000, 0x000000078cf00000)
AC   0  F    TS     0 PTAMS 0x000000078cf00000 NTAMS 0x000000078cf00000 space 1024K,   0% used [0x000000078cf00000, 0x000000078d000000)
AC   0  F    TS     0 PTAMS 0x000000078d000000 NTAMS 0x000000078d000000 space 1024K,   0% used [0x000000078d000000, 0x000000078d100000)
AC   0  F    TS     0 PTAMS 0x000000078d100000 NTAMS 0x000000078d100000 space 1024K,   0% used [0x000000078d100000, 0x000000078d200000)
AC   0  F    TS     0 PTAMS 0x000000078d200000 NTAMS 0x000000078d200000 space 1024K,   0% used [0x000000078d200000, 0x000000078d300000)
AC   0  F    TS     0 PTAMS 0x000000078d300000 NTAMS 0x000000078d300000 space 1024K,   0% used [0x000000078d300000, 0x000000078d400000)
AC   0  F    TS     0 PTAMS 0x000000078d400000 NTAMS 0x000000078d400000 space 1024K,   0% used [0x000000078d400000, 0x000000078d500000)
AC   0  F    TS     0 PTAMS 0x000000078d500000 NTAMS 0x000000078d500000 space 1024K,   0% used [0x000000078d500000, 0x000000078d600000)
AC   0  F    TS     0 PTAMS 0x000000078d600000 NTAMS 0x000000078d600000 space 1024K,   0% used [0x000000078d600000, 0x000000078d700000)
AC   0  F    TS     0 PTAMS 0x000000078d700000 NTAMS 0x000000078d700000 space 1024K,   0% used [0x000000078d700000, 0x000000078d800000)
AC   0  F    TS     0 PTAMS 0x000000078d800000 NTAMS 0x000000078d800000 space 1024K,   0% used [0x000000078d800000, 0x000000078d900000)
AC   0  F    TS     0 PTAMS 0x000000078d900000 NTAMS 0x000000078d900000 space 1024K,   0% used [0x000000078d900000, 0x000000078da00000)
AC   0  E    TS     0 PTAMS 0x000000078da00000 NTAMS 0x000000078da00000 space 1024K,  87% used [0x000000078da00000, 0x000000078db00000)
AC   0  E CS TS     0 PTAMS 0x000000078db00000 NTAMS 0x000000078db00000 space 1024K, 100% used [0x000000078db00000, 0x000000078dc00000)
AC   0  E CS TS     0 PTAMS 0x000000078dc00000 NTAMS 0x000000078dc00000 space 1024K, 100% used [0x000000078dc00000, 0x000000078dd00000)
AC   0  E CS TS     0 PTAMS 0x000000078dd00000 NTAMS 0x000000078dd00000 space 1024K, 100% used [0x000000078dd00000, 0x000000078de00000)
AC   0  E CS TS     0 PTAMS 0x000000078de00000 NTAMS 0x000000078de00000 space 1024K, 100% used [0x000000078de00000, 0x000000078df00000)
AC   0  E CS TS     0 PTAMS 0x000000078df00000 NTAMS 0x000000078df00000 space 1024K, 100% used [0x000000078df00000, 0x000000078e000000)
AC   0  E CS TS     0 PTAMS 0x000000078e000000 NTAMS 0x000000078e000000 space 1024K, 100% used [0x000000078e000000, 0x000000078e100000)
AC   0  E CS TS     0 PTAMS 0x000000078e100000 NTAMS 0x000000078e100000 space 1024K, 100% used [0x000000078e100000, 0x000000078e200000)
AC   0  E CS TS     0 PTAMS 0x000000078e200000 NTAMS 0x000000078e200000 space 1024K, 100% used [0x000000078e200000, 0x000000078e300000)
AC   0  E CS TS     0 PTAMS 0x000000078e300000 NTAMS 0x000000078e300000 space 1024K, 100% used [0x000000078e300000, 0x000000078e400000)
AC   0  E CS TS     0 PTAMS 0x000000078e400000 NTAMS 0x000000078e400000 space 1024K, 100% used [0x000000078e400000, 0x000000078e500000)
AC   0  E CS TS     0 PTAMS 0x000000078e500000 NTAMS 0x000000078e500000 space 1024K, 100% used [0x000000078e500000, 0x000000078e600000)
AC   0  E CS TS     0 PTAMS 0x000000078e600000 NTAMS 0x000000078e600000 space 1024K, 100% used [0x000000078e600000, 0x000000078e700000)
AC   0  E CS TS     0 PTAMS 0x000000078e700000 NTAMS 0x000000078e700000 space 1024K, 100% used [0x000000078e700000, 0x000000078e800000)
AC   0  E CS TS     0 PTAMS 0x000000078e800000 NTAMS 0x000000078e800000 space 1024K, 100% used [0x000000078e800000, 0x000000078e900000)
AC   0  E CS TS     0 PTAMS 0x000000078e900000 NTAMS 0x000000078e900000 space 1024K, 100% used [0x000000078e900000, 0x000000078ea00000)
AC   0  E CS TS     0 PTAMS 0x000000078ea00000 NTAMS 0x000000078ea00000 space 1024K, 100% used [0x000000078ea00000, 0x000000078eb00000)
AC   0  E CS TS     0 PTAMS 0x000000078eb00000 NTAMS 0x000000078eb00000 space 1024K, 100% used [0x000000078eb00000, 0x000000078ec00000)
AC   0  E CS TS     0 PTAMS 0x000000078ec00000 NTAMS 0x000000078ec00000 space 1024K, 100% used [0x000000078ec00000, 0x000000078ed00000)
AC   0  E CS TS     0 PTAMS 0x000000078ed00000 NTAMS 0x000000078ed00000 space 1024K, 100% used [0x000000078ed00000, 0x000000078ee00000)
AC   0  E CS TS     0 PTAMS 0x000000078ee00000 NTAMS 0x000000078ee00000 space 1024K, 100% used [0x000000078ee00000, 0x000000078ef00000)
AC   0  E CS TS     0 PTAMS 0x000000078ef00000 NTAMS 0x000000078ef00000 space 1024K, 100% used [0x000000078ef00000, 0x000000078f000000)
AC   0  E CS TS     0 PTAMS 0x000000078f000000 NTAMS 0x000000078f000000 space 1024K, 100% used [0x000000078f000000, 0x000000078f100000)
AC   0  E CS TS     0 PTAMS 0x000000078f100000 NTAMS 0x000000078f100000 space 1024K, 100% used [0x000000078f100000, 0x000000078f200000)
AC   0  E CS TS     5 PTAMS 0x000000078f200000 NTAMS 0x000000078f200000 space 1024K, 100% used [0x000000078f200000, 0x000000078f300000)
AC   0  E CS TS     5 PTAMS 0x000000078f300000 NTAMS 0x000000078f300000 space 1024K, 100% used [0x000000078f300000, 0x000000078f400000)
AC   0  E CS TS     3 PTAMS 0x000000078f400000 NTAMS 0x000000078f400000 space 1024K, 100% used [0x000000078f400000, 0x000000078f500000)
AC   0  E CS TS     7 PTAMS 0x000000078f500000 NTAMS 0x000000078f500000 space 1024K, 100% used [0x000000078f500000, 0x000000078f600000)
AC   0  E CS TS     0 PTAMS 0x000000078f600000 NTAMS 0x000000078f600000 space 1024K, 100% used [0x000000078f600000, 0x000000078f700000)
AC   0  E CS TS     0 PTAMS 0x000000078f700000 NTAMS 0x000000078f700000 space 1024K, 100% used [0x000000078f700000, 0x000000078f800000)
AC   0  E CS TS     0 PTAMS 0x000000078f800000 NTAMS 0x000000078f800000 space 1024K, 100% used [0x000000078f800000, 0x000000078f900000)
AC   0  E CS TS     0 PTAMS 0x000000078f900000 NTAMS 0x000000078f900000 space 1024K, 100% used [0x000000078f900000, 0x000000078fa00000)
AC   0  E CS TS     0 PTAMS 0x000000078fa00000 NTAMS 0x000000078fa00000 space 1024K, 100% used [0x000000078fa00000, 0x000000078fb00000)
AC   0  E CS TS     0 PTAMS 0x000000078fb00000 NTAMS 0x000000078fb00000 space 1024K, 100% used [0x000000078fb00000, 0x000000078fc00000)
AC   0  E CS TS     0 PTAMS 0x000000078fc00000 NTAMS 0x000000078fc00000 space 1024K, 100% used [0x000000078fc00000, 0x000000078fd00000)
AC   0  E CS TS     0 PTAMS 0x000000078fd00000 NTAMS 0x000000078fd00000 space 1024K, 100% used [0x000000078fd00000, 0x000000078fe00000)
AC   0  E CS TS     0 PTAMS 0x000000078fe00000 NTAMS 0x000000078fe00000 space 1024K, 100% used [0x000000078fe00000, 0x000000078ff00000)
AC   0  E CS TS     0 PTAMS 0x000000078ff00000 NTAMS 0x000000078ff00000 space 1024K, 100% used [0x000000078ff00000, 0x0000000790000000)

Card table byte_map: [0x0000000117b5d000,0x0000000117d5d000] byte_map_base: 0x0000000113f5d000

Marking Bits (Prev, Next): (CMBitMap*) 0x000000010182eae0, (CMBitMap*) 0x000000010182ea88
 Prev Bits: [0x0000000118f5d000, 0x0000000119f5d000)
 Next Bits: [0x0000000117f5d000, 0x0000000118f5d000)

Polling page: 0x000000010069b000

CodeCache: size=245760Kb used=91369Kb max_used=94357Kb free=154390Kb
 bounds [0x0000000107f9d000, 0x000000010dc9d000, 0x0000000116f9d000]
 total_blobs=22116 nmethods=21248 adapters=773
 compilation: enabled

Compilation events (10 events):
Event: 23575.421 Thread 0x0000000100815800 29992       3       org.eclipse.jdt.internal.core.JavaProject::resource (5 bytes)
Event: 23575.421 Thread 0x0000000100815800 nmethod 29992 0x000000010a939d50 code [0x000000010a939ea0, 0x000000010a939ff0]
Event: 23575.421 Thread 0x0000000100815800 29993   !   3       org.eclipse.jdt.internal.core.JavaProject::validateExistence (29 bytes)
Event: 23575.422 Thread 0x0000000100815800 nmethod 29993 0x000000010c1a9e10 code [0x000000010c1aa000, 0x000000010c1aab48]
Event: 23575.423 Thread 0x0000000100815800 29994       3       org.eclipse.debug.core.Launch::isTerminated (123 bytes)
Event: 23575.423 Thread 0x0000000100815800 nmethod 29994 0x000000010bb1f810 code [0x000000010bb1fa80, 0x000000010bb20b28]
Event: 23575.441 Thread 0x0000000100815800 29995       3       org.eclipse.jface.action.StatusLineManager::update (194 bytes)
Event: 23575.442 Thread 0x0000000100815800 nmethod 29995 0x000000010bc52b10 code [0x000000010bc52e20, 0x000000010bc54938]
Event: 23575.496 Thread 0x0000000100815800 29996   !   3       org.eclipse.ui.internal.UILockListener::doPendingWork (71 bytes)
Event: 23575.497 Thread 0x0000000100815800 nmethod 29996 0x000000010c6643d0 code [0x000000010c6645c0, 0x000000010c665108]

GC Heap History (10 events):
Event: 23504.002 GC heap before
{Heap before GC invocations=124 (full 0):
 garbage-first heap   total 262144K, used 134294K [0x0000000780000000, 0x0000000780100800, 0x00000007c0000000)
  region size 1024K, 12 young (12288K), 2 survivors (2048K)
 Metaspace       used 136637K, capacity 148948K, committed 149092K, reserved 1179648K
  class space    used 16064K, capacity 19793K, committed 19812K, reserved 1048576K
Event: 23504.015 GC heap after
Heap after GC invocations=125 (full 0):
 garbage-first heap   total 262144K, used 110842K [0x0000000780000000, 0x0000000780100800, 0x00000007c0000000)
  region size 1024K, 2 young (2048K), 2 survivors (2048K)
 Metaspace       used 136637K, capacity 148948K, committed 149092K, reserved 1179648K
  class space    used 16064K, capacity 19793K, committed 19812K, reserved 1048576K
}
Event: 23504.985 GC heap before
{Heap before GC invocations=125 (full 0):
 garbage-first heap   total 262144K, used 121082K [0x0000000780000000, 0x0000000780100800, 0x00000007c0000000)
  region size 1024K, 12 young (12288K), 2 survivors (2048K)
 Metaspace       used 136638K, capacity 148948K, committed 149092K, reserved 1179648K
  class space    used 16064K, capacity 19793K, committed 19812K, reserved 1048576K
Event: 23504.999 GC heap after
Heap after GC invocations=126 (full 0):
 garbage-first heap   total 262144K, used 111672K [0x0000000780000000, 0x0000000780100800, 0x00000007c0000000)
  region size 1024K, 1 young (1024K), 1 survivors (1024K)
 Metaspace       used 136638K, capacity 148948K, committed 149092K, reserved 1179648K
  class space    used 16064K, capacity 19793K, committed 19812K, reserved 1048576K
}
Event: 23537.377 GC heap before
{Heap before GC invocations=126 (full 0):
 garbage-first heap   total 262144K, used 227384K [0x0000000780000000, 0x0000000780100800, 0x00000007c0000000)
  region size 1024K, 114 young (116736K), 1 survivors (1024K)
 Metaspace       used 136647K, capacity 148948K, committed 149092K, reserved 1179648K
  class space    used 16064K, capacity 19793K, committed 19812K, reserved 1048576K
Event: 23537.387 GC heap after
Heap after GC invocations=127 (full 0):
 garbage-first heap   total 262144K, used 111592K [0x0000000780000000, 0x0000000780100800, 0x00000007c0000000)
  region size 1024K, 1 young (1024K), 1 survivors (1024K)
 Metaspace       used 136647K, capacity 148948K, committed 149092K, reserved 1179648K
  class space    used 16064K, capacity 19793K, committed 19812K, reserved 1048576K
}
Event: 23554.416 GC heap before
{Heap before GC invocations=127 (full 0):
 garbage-first heap   total 262144K, used 228328K [0x0000000780000000, 0x0000000780100800, 0x00000007c0000000)
  region size 1024K, 115 young (117760K), 1 survivors (1024K)
 Metaspace       used 136666K, capacity 148948K, committed 149092K, reserved 1179648K
  class space    used 16064K, capacity 19793K, committed 19812K, reserved 1048576K
Event: 23554.425 GC heap after
Heap after GC invocations=128 (full 0):
 garbage-first heap   total 262144K, used 113322K [0x0000000780000000, 0x0000000780100800, 0x00000007c0000000)
  region size 1024K, 3 young (3072K), 3 survivors (3072K)
 Metaspace       used 136666K, capacity 148948K, committed 149092K, reserved 1179648K
  class space    used 16064K, capacity 19793K, committed 19812K, reserved 1048576K
}
Event: 23568.184 GC heap before
{Heap before GC invocations=128 (full 0):
 garbage-first heap   total 262144K, used 229034K [0x0000000780000000, 0x0000000780100800, 0x00000007c0000000)
  region size 1024K, 116 young (118784K), 3 survivors (3072K)
 Metaspace       used 136702K, capacity 148948K, committed 149092K, reserved 1179648K
  class space    used 16064K, capacity 19793K, committed 19812K, reserved 1048576K
Event: 23568.194 GC heap after
Heap after GC invocations=129 (full 0):
 garbage-first heap   total 262144K, used 116621K [0x0000000780000000, 0x0000000780100800, 0x00000007c0000000)
  region size 1024K, 6 young (6144K), 6 survivors (6144K)
 Metaspace       used 136702K, capacity 148948K, committed 149092K, reserved 1179648K
  class space    used 16064K, capacity 19793K, committed 19812K, reserved 1048576K
}

Deoptimization events (10 events):
Event: 23381.592 Thread 0x0000000100854000 Uncommon trap: reason=class_check action=maybe_recompile pc=0x000000010dabc3e0 method=org.eclipse.cdt.internal.core.dom.parser.cpp.ClassTypeHelper.getVisibility(Lorg/eclipse/cdt/core/dom/ast/cpp/ICPPASTCompositeTypeSpecifier;Lorg/eclipse/cdt/core/dom/ast/
Event: 23381.592 Thread 0x0000000100854000 Uncommon trap: reason=class_check action=maybe_recompile pc=0x000000010dabc3e0 method=org.eclipse.cdt.internal.core.dom.parser.cpp.ClassTypeHelper.getVisibility(Lorg/eclipse/cdt/core/dom/ast/cpp/ICPPASTCompositeTypeSpecifier;Lorg/eclipse/cdt/core/dom/ast/
Event: 23381.592 Thread 0x0000000100854000 Uncommon trap: reason=class_check action=maybe_recompile pc=0x000000010dabc3e0 method=org.eclipse.cdt.internal.core.dom.parser.cpp.ClassTypeHelper.getVisibility(Lorg/eclipse/cdt/core/dom/ast/cpp/ICPPASTCompositeTypeSpecifier;Lorg/eclipse/cdt/core/dom/ast/
Event: 23381.592 Thread 0x0000000100854000 Uncommon trap: reason=class_check action=maybe_recompile pc=0x000000010dabc3e0 method=org.eclipse.cdt.internal.core.dom.parser.cpp.ClassTypeHelper.getVisibility(Lorg/eclipse/cdt/core/dom/ast/cpp/ICPPASTCompositeTypeSpecifier;Lorg/eclipse/cdt/core/dom/ast/
Event: 23464.911 Thread 0x00000001277f3000 Uncommon trap: reason=unstable_if action=reinterpret pc=0x000000010cc89418 method=org.eclipse.cdt.internal.ui.editor.SemanticHighlightings$MethodDeclarationHighlighting.consumes(Lorg/eclipse/cdt/ui/text/ISemanticToken;)Z @ 60
Event: 23464.911 Thread 0x00000001277f3000 Uncommon trap: reason=unstable_if action=reinterpret pc=0x00000001094c9258 method=org.eclipse.cdt.internal.ui.editor.SemanticHighlightings$FunctionDeclarationHighlighting.consumes(Lorg/eclipse/cdt/ui/text/ISemanticToken;)Z @ 68
Event: 23506.125 Thread 0x0000000102013800 Uncommon trap: reason=unstable_if action=reinterpret pc=0x000000010d4cd3b4 method=org.eclipse.swt.graphics.TextLayout.setIndent(I)V @ 14
Event: 23513.555 Thread 0x0000000102013800 Uncommon trap: reason=unstable_if action=reinterpret pc=0x000000010c248884 method=org.eclipse.cdt.internal.ui.text.FastCPartitionScanner.nextToken()Lorg/eclipse/jface/text/rules/IToken; @ 1485
Event: 23535.383 Thread 0x00000001277f3000 Uncommon trap: reason=unstable_if action=reinterpret pc=0x000000010ca64c78 method=org.eclipse.cdt.internal.core.dom.parser.cpp.VariableHelpers.createType(Lorg/eclipse/cdt/core/dom/ast/cpp/ICPPVariable;Lorg/eclipse/cdt/core/dom/ast/IASTName;[Lorg/eclipse/c
Event: 23535.383 Thread 0x00000001277f3000 Uncommon trap: reason=unstable_if action=reinterpret pc=0x000000010cf93e0c method=org.eclipse.cdt.internal.core.dom.parser.cpp.VariableHelpers.createType(Lorg/eclipse/cdt/core/dom/ast/cpp/ICPPVariable;Lorg/eclipse/cdt/core/dom/ast/IASTName;[Lorg/eclipse/c

Internal exceptions (10 events):
Event: 23559.410 Thread 0x0000000125113000 Exception <a 'java/net/SocketTimeoutException': Accept timed out> (0x000000078b200778) thrown at [/HUDSON3/workspace/8-2-build-macosx-x86_64/jdk8u101/7261/hotspot/src/share/vm/prims/jni.cpp, line 735]
Event: 23561.415 Thread 0x0000000125113000 Exception <a 'java/net/SocketTimeoutException': Accept timed out> (0x0000000789180b40) thrown at [/HUDSON3/workspace/8-2-build-macosx-x86_64/jdk8u101/7261/hotspot/src/share/vm/prims/jni.cpp, line 735]
Event: 23563.418 Thread 0x0000000125113000 Exception <a 'java/net/SocketTimeoutException': Accept timed out> (0x0000000789180ed8) thrown at [/HUDSON3/workspace/8-2-build-macosx-x86_64/jdk8u101/7261/hotspot/src/share/vm/prims/jni.cpp, line 735]
Event: 23565.420 Thread 0x0000000125113000 Exception <a 'java/net/SocketTimeoutException': Accept timed out> (0x0000000788e001a8) thrown at [/HUDSON3/workspace/8-2-build-macosx-x86_64/jdk8u101/7261/hotspot/src/share/vm/prims/jni.cpp, line 735]
Event: 23567.423 Thread 0x0000000125113000 Exception <a 'java/net/SocketTimeoutException': Accept timed out> (0x0000000788e00540) thrown at [/HUDSON3/workspace/8-2-build-macosx-x86_64/jdk8u101/7261/hotspot/src/share/vm/prims/jni.cpp, line 735]
Event: 23569.425 Thread 0x0000000125113000 Exception <a 'java/net/SocketTimeoutException': Accept timed out> (0x000000078fb81050) thrown at [/HUDSON3/workspace/8-2-build-macosx-x86_64/jdk8u101/7261/hotspot/src/share/vm/prims/jni.cpp, line 735]
Event: 23571.426 Thread 0x0000000125113000 Exception <a 'java/net/SocketTimeoutException': Accept timed out> (0x000000078fb813e8) thrown at [/HUDSON3/workspace/8-2-build-macosx-x86_64/jdk8u101/7261/hotspot/src/share/vm/prims/jni.cpp, line 735]
Event: 23573.431 Thread 0x0000000125113000 Exception <a 'java/net/SocketTimeoutException': Accept timed out> (0x000000078fb81780) thrown at [/HUDSON3/workspace/8-2-build-macosx-x86_64/jdk8u101/7261/hotspot/src/share/vm/prims/jni.cpp, line 735]
Event: 23574.255 Thread 0x0000000128273800 Exception <a 'java/lang/InterruptedException'> (0x000000078e60ede0) thrown at [/HUDSON3/workspace/8-2-build-macosx-x86_64/jdk8u101/7261/hotspot/src/share/vm/runtime/objectMonitor.cpp, line 1684]
Event: 23575.432 Thread 0x0000000125113000 Exception <a 'java/net/SocketTimeoutException': Accept timed out> (0x000000078f080af0) thrown at [/HUDSON3/workspace/8-2-build-macosx-x86_64/jdk8u101/7261/hotspot/src/share/vm/prims/jni.cpp, line 735]

Events (10 events):
Event: 23574.900 Thread 0x00000001259e4000 Thread exited: 0x00000001259e4000
Event: 23574.906 Executing VM operation: RevokeBias
Event: 23574.906 Executing VM operation: RevokeBias done
Event: 23575.422 Executing VM operation: RevokeBias
Event: 23575.422 Executing VM operation: RevokeBias done
Event: 23575.422 Executing VM operation: RevokeBias
Event: 23575.422 Executing VM operation: RevokeBias done
Event: 23575.422 Executing VM operation: RevokeBias
Event: 23575.422 Executing VM operation: RevokeBias done
Event: 23575.498 Thread 0x0000000100b4e000 Thread added: 0x0000000100b4e000


Dynamic libraries:
0x0000000029a0b000 	/System/Library/Frameworks/Cocoa.framework/Versions/A/Cocoa
0x0000000029a0b000 	/usr/lib/libSystem.B.dylib
0x0000000029a0b000 	/System/Library/Frameworks/CoreServices.framework/Versions/A/CoreServices
0x0000000029a0b000 	/usr/lib/libobjc.A.dylib
0x0000000029a0b000 	/System/Library/Frameworks/CoreFoundation.framework/Versions/A/CoreFoundation
0x0000000029a0b000 	/System/Library/Frameworks/AppKit.framework/Versions/C/AppKit
0x0000000029a0b000 	/System/Library/Frameworks/ApplicationServices.framework/Versions/A/ApplicationServices
0x0000000029a0b000 	/System/Library/Frameworks/Foundation.framework/Versions/C/Foundation
0x0000000029a0b000 	/System/Library/Frameworks/CoreData.framework/Versions/A/CoreData
0x0000000029a0b000 	/System/Library/PrivateFrameworks/RemoteViewServices.framework/Versions/A/RemoteViewServices
0x0000000029a0b000 	/System/Library/PrivateFrameworks/UIFoundation.framework/Versions/A/UIFoundation
0x0000000029a0b000 	/System/Library/PrivateFrameworks/DFRFoundation.framework/Versions/A/DFRFoundation
0x0000000029a0b000 	/usr/lib/libenergytrace.dylib
0x0000000029a0b000 	/System/Library/PrivateFrameworks/SkyLight.framework/Versions/A/SkyLight
0x0000000029a0b000 	/System/Library/Frameworks/CoreGraphics.framework/Versions/A/CoreGraphics
0x0000000029a0b000 	/usr/lib/libScreenReader.dylib
0x0000000029a0b000 	/System/Library/Frameworks/Accelerate.framework/Versions/A/Accelerate
0x0000000029a0b000 	/System/Library/Frameworks/IOSurface.framework/Versions/A/IOSurface
0x0000000029a0b000 	/System/Library/Frameworks/AudioToolbox.framework/Versions/A/AudioToolbox
0x0000000029a0b000 	/System/Library/Frameworks/AudioUnit.framework/Versions/A/AudioUnit
0x0000000029a0b000 	/System/Library/PrivateFrameworks/DataDetectorsCore.framework/Versions/A/DataDetectorsCore
0x0000000029a0b000 	/System/Library/PrivateFrameworks/DesktopServicesPriv.framework/Versions/A/DesktopServicesPriv
0x0000000029a0b000 	/System/Library/Frameworks/Carbon.framework/Versions/A/Frameworks/HIToolbox.framework/Versions/A/HIToolbox
0x0000000029a0b000 	/usr/lib/libicucore.A.dylib
0x0000000029a0b000 	/usr/lib/libz.1.dylib
0x0000000029a0b000 	/System/Library/Frameworks/QuartzCore.framework/Versions/A/QuartzCore
0x0000000029a0b000 	/System/Library/Frameworks/Security.framework/Versions/A/Security
0x0000000029a0b000 	/System/Library/Frameworks/Carbon.framework/Versions/A/Frameworks/SpeechRecognition.framework/Versions/A/SpeechRecognition
0x0000000029a0b000 	/usr/lib/libauto.dylib
0x0000000029a0b000 	/usr/lib/libxml2.2.dylib
0x0000000029a0b000 	/System/Library/PrivateFrameworks/CoreUI.framework/Versions/A/CoreUI
0x0000000029a0b000 	/System/Library/Frameworks/CoreAudio.framework/Versions/A/CoreAudio
0x0000000029a0b000 	/System/Library/Frameworks/DiskArbitration.framework/Versions/A/DiskArbitration
0x0000000029a0b000 	/usr/lib/liblangid.dylib
0x0000000029a0b000 	/System/Library/PrivateFrameworks/MultitouchSupport.framework/Versions/A/MultitouchSupport
0x0000000029a0b000 	/System/Library/Frameworks/IOKit.framework/Versions/A/IOKit
0x0000000029a0b000 	/usr/lib/libDiagnosticMessagesClient.dylib
0x0000000029a0b000 	/System/Library/PrivateFrameworks/PerformanceAnalysis.framework/Versions/A/PerformanceAnalysis
0x0000000029a0b000 	/System/Library/PrivateFrameworks/GenerationalStorage.framework/Versions/A/GenerationalStorage
0x0000000029a0b000 	/System/Library/Frameworks/OpenGL.framework/Versions/A/OpenGL
0x0000000029a0b000 	/System/Library/Frameworks/CoreImage.framework/Versions/A/CoreImage
0x0000000029a0b000 	/System/Library/Frameworks/CoreText.framework/Versions/A/CoreText
0x0000000029a0b000 	/System/Library/Frameworks/ImageIO.framework/Versions/A/ImageIO
0x0000000029a0b000 	/System/Library/PrivateFrameworks/Backup.framework/Versions/A/Backup
0x0000000029a0b000 	/usr/lib/libarchive.2.dylib
0x0000000029a0b000 	/System/Library/Frameworks/CFNetwork.framework/Versions/A/CFNetwork
0x0000000029a0b000 	/System/Library/Frameworks/SystemConfiguration.framework/Versions/A/SystemConfiguration
0x0000000029a0b000 	/usr/lib/libCRFSuite.dylib
0x0000000029a0b000 	/usr/lib/libc++.1.dylib
0x0000000029a0b000 	/usr/lib/libc++abi.dylib
0x0000000029a0b000 	/usr/lib/system/libcache.dylib
0x0000000029a0b000 	/usr/lib/system/libcommonCrypto.dylib
0x0000000029a0b000 	/usr/lib/system/libcompiler_rt.dylib
0x0000000029a0b000 	/usr/lib/system/libcopyfile.dylib
0x0000000029a0b000 	/usr/lib/system/libcorecrypto.dylib
0x0000000029a0b000 	/usr/lib/system/libdispatch.dylib
0x0000000029a0b000 	/usr/lib/system/libdyld.dylib
0x0000000029a0b000 	/usr/lib/system/libkeymgr.dylib
0x0000000029a0b000 	/usr/lib/system/liblaunch.dylib
0x0000000029a0b000 	/usr/lib/system/libmacho.dylib
0x0000000029a0b000 	/usr/lib/system/libquarantine.dylib
0x0000000029a0b000 	/usr/lib/system/libremovefile.dylib
0x0000000029a0b000 	/usr/lib/system/libsystem_asl.dylib
0x0000000029a0b000 	/usr/lib/system/libsystem_blocks.dylib
0x0000000029a0b000 	/usr/lib/system/libsystem_c.dylib
0x0000000029a0b000 	/usr/lib/system/libsystem_configuration.dylib
0x0000000029a0b000 	/usr/lib/system/libsystem_coreservices.dylib
0x0000000029a0b000 	/usr/lib/system/libsystem_coretls.dylib
0x0000000029a0b000 	/usr/lib/system/libsystem_dnssd.dylib
0x0000000029a0b000 	/usr/lib/system/libsystem_info.dylib
0x0000000029a0b000 	/usr/lib/system/libsystem_kernel.dylib
0x0000000029a0b000 	/usr/lib/system/libsystem_m.dylib
0x0000000029a0b000 	/usr/lib/system/libsystem_malloc.dylib
0x0000000029a0b000 	/usr/lib/system/libsystem_network.dylib
0x0000000029a0b000 	/usr/lib/system/libsystem_networkextension.dylib
0x0000000029a0b000 	/usr/lib/system/libsystem_notify.dylib
0x0000000029a0b000 	/usr/lib/system/libsystem_platform.dylib
0x0000000029a0b000 	/usr/lib/system/libsystem_pthread.dylib
0x0000000029a0b000 	/usr/lib/system/libsystem_sandbox.dylib
0x0000000029a0b000 	/usr/lib/system/libsystem_secinit.dylib
0x0000000029a0b000 	/usr/lib/system/libsystem_symptoms.dylib
0x0000000029a0b000 	/usr/lib/system/libsystem_trace.dylib
0x0000000029a0b000 	/usr/lib/system/libunwind.dylib
0x0000000029a0b000 	/usr/lib/system/libxpc.dylib
0x0000000029a0b000 	/usr/lib/libbsm.0.dylib
0x0000000029a0b000 	/usr/lib/system/libkxld.dylib
0x0000000029a0b000 	/usr/lib/libcoretls.dylib
0x0000000029a0b000 	/usr/lib/libcoretls_cfhelpers.dylib
0x0000000029a0b000 	/usr/lib/libxar.1.dylib
0x0000000029a0b000 	/usr/lib/libsqlite3.dylib
0x0000000029a0b000 	/usr/lib/libpam.2.dylib
0x0000000029a0b000 	/usr/lib/libOpenScriptingUtil.dylib
0x0000000029a0b000 	/usr/lib/libbz2.1.0.dylib
0x0000000029a0b000 	/usr/lib/liblzma.5.dylib
0x0000000029a0b000 	/usr/lib/libnetwork.dylib
0x0000000029a0b000 	/usr/lib/libpcap.A.dylib
0x0000000029a0b000 	/System/Library/Frameworks/CoreServices.framework/Versions/A/Frameworks/FSEvents.framework/Versions/A/FSEvents
0x0000000029a0b000 	/System/Library/Frameworks/CoreServices.framework/Versions/A/Frameworks/CarbonCore.framework/Versions/A/CarbonCore
0x0000000029a0b000 	/System/Library/Frameworks/CoreServices.framework/Versions/A/Frameworks/Metadata.framework/Versions/A/Metadata
0x0000000029a0b000 	/System/Library/Frameworks/CoreServices.framework/Versions/A/Frameworks/OSServices.framework/Versions/A/OSServices
0x0000000029a0b000 	/System/Library/Frameworks/CoreServices.framework/Versions/A/Frameworks/SearchKit.framework/Versions/A/SearchKit
0x0000000029a0b000 	/System/Library/Frameworks/CoreServices.framework/Versions/A/Frameworks/AE.framework/Versions/A/AE
0x0000000029a0b000 	/System/Library/Frameworks/CoreServices.framework/Versions/A/Frameworks/LaunchServices.framework/Versions/A/LaunchServices
0x0000000029a0b000 	/System/Library/Frameworks/CoreServices.framework/Versions/A/Frameworks/DictionaryServices.framework/Versions/A/DictionaryServices
0x0000000029a0b000 	/System/Library/Frameworks/CoreServices.framework/Versions/A/Frameworks/SharedFileList.framework/Versions/A/SharedFileList
0x0000000029a0b000 	/System/Library/Frameworks/NetFS.framework/Versions/A/NetFS
0x0000000029a0b000 	/System/Library/PrivateFrameworks/NetAuth.framework/Versions/A/NetAuth
0x0000000029a0b000 	/System/Library/PrivateFrameworks/login.framework/Versions/A/Frameworks/loginsupport.framework/Versions/A/loginsupport
0x0000000029a0b000 	/System/Library/PrivateFrameworks/TCC.framework/Versions/A/TCC
0x0000000029a0b000 	/usr/lib/libmecabra.dylib
0x0000000029a0b000 	/System/Library/Frameworks/ApplicationServices.framework/Versions/A/Frameworks/ATS.framework/Versions/A/ATS
0x0000000029a0b000 	/System/Library/Frameworks/ApplicationServices.framework/Versions/A/Frameworks/ColorSync.framework/Versions/A/ColorSync
0x0000000029a0b000 	/System/Library/Frameworks/ApplicationServices.framework/Versions/A/Frameworks/HIServices.framework/Versions/A/HIServices
0x0000000029a0b000 	/System/Library/Frameworks/ApplicationServices.framework/Versions/A/Frameworks/LangAnalysis.framework/Versions/A/LangAnalysis
0x0000000029a0b000 	/System/Library/Frameworks/ApplicationServices.framework/Versions/A/Frameworks/PrintCore.framework/Versions/A/PrintCore
0x0000000029a0b000 	/System/Library/Frameworks/ApplicationServices.framework/Versions/A/Frameworks/QD.framework/Versions/A/QD
0x0000000029a0b000 	/System/Library/Frameworks/ApplicationServices.framework/Versions/A/Frameworks/SpeechSynthesis.framework/Versions/A/SpeechSynthesis
0x0000000029a0b000 	/System/Library/Frameworks/Accelerate.framework/Versions/A/Frameworks/vImage.framework/Versions/A/vImage
0x0000000029a0b000 	/System/Library/Frameworks/Accelerate.framework/Versions/A/Frameworks/vecLib.framework/Versions/A/vecLib
0x0000000029a0b000 	/System/Library/Frameworks/Accelerate.framework/Versions/A/Frameworks/vecLib.framework/Versions/A/libvDSP.dylib
0x0000000029a0b000 	/System/Library/Frameworks/Accelerate.framework/Versions/A/Frameworks/vecLib.framework/Versions/A/libBNNS.dylib
0x0000000029a0b000 	/System/Library/Frameworks/Accelerate.framework/Versions/A/Frameworks/vecLib.framework/Versions/A/libQuadrature.dylib
0x0000000029a0b000 	/System/Library/Frameworks/Accelerate.framework/Versions/A/Frameworks/vecLib.framework/Versions/A/libvMisc.dylib
0x0000000029a0b000 	/System/Library/Frameworks/Accelerate.framework/Versions/A/Frameworks/vecLib.framework/Versions/A/libLAPACK.dylib
0x0000000029a0b000 	/System/Library/Frameworks/Accelerate.framework/Versions/A/Frameworks/vecLib.framework/Versions/A/libBLAS.dylib
0x0000000029a0b000 	/System/Library/Frameworks/Accelerate.framework/Versions/A/Frameworks/vecLib.framework/Versions/A/libLinearAlgebra.dylib
0x0000000029a0b000 	/System/Library/Frameworks/Accelerate.framework/Versions/A/Frameworks/vecLib.framework/Versions/A/libSparseBLAS.dylib
0x0000000029a0b000 	/System/Library/Frameworks/ApplicationServices.framework/Versions/A/Frameworks/ATS.framework/Versions/A/Resources/libFontParser.dylib
0x0000000029a0b000 	/System/Library/Frameworks/ApplicationServices.framework/Versions/A/Frameworks/ATS.framework/Versions/A/Resources/libFontRegistry.dylib
0x0000000029a0b000 	/System/Library/Frameworks/ImageIO.framework/Versions/A/Resources/libJPEG.dylib
0x0000000029a0b000 	/System/Library/Frameworks/ImageIO.framework/Versions/A/Resources/libTIFF.dylib
0x0000000029a0b000 	/System/Library/Frameworks/ImageIO.framework/Versions/A/Resources/libPng.dylib
0x0000000029a0b000 	/System/Library/Frameworks/ImageIO.framework/Versions/A/Resources/libGIF.dylib
0x0000000029a0b000 	/System/Library/Frameworks/ImageIO.framework/Versions/A/Resources/libJP2.dylib
0x0000000029a0b000 	/System/Library/Frameworks/ImageIO.framework/Versions/A/Resources/libRadiance.dylib
0x0000000029a0b000 	/usr/lib/libcompression.dylib
0x0000000029a0b000 	/System/Library/PrivateFrameworks/AppleJPEG.framework/Versions/A/AppleJPEG
0x0000000029a0b000 	/usr/lib/libcups.2.dylib
0x0000000029a0b000 	/System/Library/Frameworks/Kerberos.framework/Versions/A/Kerberos
0x0000000029a0b000 	/System/Library/Frameworks/GSS.framework/Versions/A/GSS
0x0000000029a0b000 	/usr/lib/libresolv.9.dylib
0x0000000029a0b000 	/usr/lib/libiconv.2.dylib
0x0000000029a0b000 	/System/Library/PrivateFrameworks/Heimdal.framework/Versions/A/Heimdal
0x0000000029a0b000 	/usr/lib/libheimdal-asn1.dylib
0x0000000029a0b000 	/System/Library/Frameworks/OpenDirectory.framework/Versions/A/OpenDirectory
0x0000000029a0b000 	/System/Library/PrivateFrameworks/CommonAuth.framework/Versions/A/CommonAuth
0x0000000029a0b000 	/System/Library/Frameworks/OpenDirectory.framework/Versions/A/Frameworks/CFOpenDirectory.framework/Versions/A/CFOpenDirectory
0x0000000029a0b000 	/System/Library/Frameworks/SecurityFoundation.framework/Versions/A/SecurityFoundation
0x0000000029a0b000 	/System/Library/PrivateFrameworks/LanguageModeling.framework/Versions/A/LanguageModeling
0x0000000029a0b000 	/usr/lib/libmarisa.dylib
0x0000000029a0b000 	/usr/lib/libChineseTokenizer.dylib
0x0000000029a0b000 	/usr/lib/libcmph.dylib
0x0000000029a0b000 	/System/Library/PrivateFrameworks/CoreEmoji.framework/Versions/A/CoreEmoji
0x0000000029a0b000 	/System/Library/Frameworks/ServiceManagement.framework/Versions/A/ServiceManagement
0x0000000029a0b000 	/usr/lib/libxslt.1.dylib
0x0000000029a0b000 	/System/Library/Frameworks/Carbon.framework/Versions/A/Frameworks/Ink.framework/Versions/A/Ink
0x0000000029a0b000 	/System/Library/PrivateFrameworks/TextureIO.framework/Versions/A/TextureIO
0x0000000029a0b000 	/System/Library/Frameworks/Metal.framework/Versions/A/Metal
0x0000000029a0b000 	/usr/lib/libate.dylib
0x0000000029a0b000 	/System/Library/PrivateFrameworks/GPUCompiler.framework/libmetal_timestamp.dylib
0x0000000029a0b000 	/System/Library/Frameworks/OpenGL.framework/Versions/A/Libraries/libCoreFSCache.dylib
0x0000000029a0b000 	/System/Library/PrivateFrameworks/IOAccelerator.framework/Versions/A/IOAccelerator
0x0000000029a0b000 	/System/Library/Frameworks/CoreVideo.framework/Versions/A/CoreVideo
0x0000000029a0b000 	/usr/lib/libFosl_dynamic.dylib
0x0000000029a0b000 	/System/Library/PrivateFrameworks/MetalPerformanceShaders.framework/Versions/A/MetalPerformanceShaders
0x0000000029a0b000 	/System/Library/PrivateFrameworks/FaceCore.framework/Versions/A/FaceCore
0x0000000029a0b000 	/System/Library/Frameworks/OpenCL.framework/Versions/A/OpenCL
0x0000000029a0b000 	/System/Library/Frameworks/OpenGL.framework/Versions/A/Libraries/libGLU.dylib
0x0000000029a0b000 	/System/Library/Frameworks/OpenGL.framework/Versions/A/Libraries/libGFXShared.dylib
0x0000000029a0b000 	/System/Library/Frameworks/OpenGL.framework/Versions/A/Libraries/libGL.dylib
0x0000000029a0b000 	/System/Library/Frameworks/OpenGL.framework/Versions/A/Libraries/libGLImage.dylib
0x0000000029a0b000 	/System/Library/Frameworks/OpenGL.framework/Versions/A/Libraries/libCVMSPluginSupport.dylib
0x0000000029a0b000 	/System/Library/Frameworks/OpenGL.framework/Versions/A/Libraries/libCoreVMClient.dylib
0x0000000029a0b000 	/System/Library/PrivateFrameworks/CrashReporterSupport.framework/Versions/A/CrashReporterSupport
0x0000000029a0b000 	/System/Library/PrivateFrameworks/Sharing.framework/Versions/A/Sharing
0x0000000029a0b000 	/System/Library/PrivateFrameworks/IconServices.framework/Versions/A/IconServices
0x0000000029a0b000 	/System/Library/PrivateFrameworks/ProtocolBuffer.framework/Versions/A/ProtocolBuffer
0x0000000029a0b000 	/System/Library/PrivateFrameworks/Apple80211.framework/Versions/A/Apple80211
0x0000000029a0b000 	/System/Library/Frameworks/CoreWLAN.framework/Versions/A/CoreWLAN
0x0000000029a0b000 	/System/Library/PrivateFrameworks/CoreUtils.framework/Versions/A/CoreUtils
0x0000000029a0b000 	/System/Library/Frameworks/IOBluetooth.framework/Versions/A/IOBluetooth
0x0000000029a0b000 	/System/Library/PrivateFrameworks/CoreWiFi.framework/Versions/A/CoreWiFi
0x0000000029a0b000 	/System/Library/Frameworks/CoreBluetooth.framework/Versions/A/CoreBluetooth
0x0000000029a0b000 	/System/Library/Frameworks/CoreDisplay.framework/Versions/A/CoreDisplay
0x0000000029a0b000 	/System/Library/PrivateFrameworks/IOPresentment.framework/Versions/A/IOPresentment
0x0000000029a0b000 	/System/Library/PrivateFrameworks/DebugSymbols.framework/Versions/A/DebugSymbols
0x0000000029a0b000 	/System/Library/PrivateFrameworks/CoreSymbolication.framework/Versions/A/CoreSymbolication
0x0000000029a0b000 	/System/Library/PrivateFrameworks/Symbolication.framework/Versions/A/Symbolication
0x0000000029a0b000 	/System/Library/PrivateFrameworks/AppleFSCompression.framework/Versions/A/AppleFSCompression
0x0000000029a0b000 	/System/Library/PrivateFrameworks/SpeechRecognitionCore.framework/Versions/A/SpeechRecognitionCore
0x0000000029a0b000 	/System/Library/PrivateFrameworks/ChunkingLibrary.framework/Versions/A/ChunkingLibrary
0x0000000100608000 	/Users/Zeming/.p2/pool/plugins/org.eclipse.equinox.launcher.cocoa.macosx.x86_64_1.1.400.v20160518-1444/eclipse_1615.so
0x0000000029a0b000 	/System/Library/PrivateFrameworks/CoreServicesInternal.framework/Versions/A/CoreServicesInternal
0x0000000100648000 	/Library/Java/JavaVirtualMachines/jdk1.8.0_101.jdk/Contents/MacOS/libjli.dylib
0x0000000107000000 	/Library/Java/JavaVirtualMachines/jdk1.8.0_101.jdk/Contents/Home/jre//lib/server/libjvm.dylib
0x0000000029a0b000 	/usr/lib/libstdc++.6.dylib
0x0000000100658000 	/Library/Java/JavaVirtualMachines/jdk1.8.0_101.jdk/Contents/Home/jre/lib/libverify.dylib
0x0000000100666000 	/Library/Java/JavaVirtualMachines/jdk1.8.0_101.jdk/Contents/Home/jre/lib/libjava.dylib
0x00000001006a4000 	/Library/Java/JavaVirtualMachines/jdk1.8.0_101.jdk/Contents/Home/jre/lib/libzip.dylib
0x0000000104100000 	/System/Library/Frameworks/JavaVM.framework/Frameworks/JavaRuntimeSupport.framework/JavaRuntimeSupport
0x000000010411a000 	/System/Library/Frameworks/JavaVM.framework/Versions/A/Frameworks/JavaNativeFoundation.framework/Versions/A/JavaNativeFoundation
0x00000001006ee000 	/System/Library/Frameworks/JavaVM.framework/Versions/A/JavaVM
0x0000000029a0b000 	/System/Library/Frameworks/Carbon.framework/Versions/A/Carbon
0x00000001034f3000 	/System/Library/PrivateFrameworks/JavaLaunching.framework/Versions/A/JavaLaunching
0x0000000029a0b000 	/System/Library/Frameworks/Carbon.framework/Versions/A/Frameworks/CommonPanels.framework/Versions/A/CommonPanels
0x0000000029a0b000 	/System/Library/Frameworks/Carbon.framework/Versions/A/Frameworks/Help.framework/Versions/A/Help
0x0000000029a0b000 	/System/Library/Frameworks/Carbon.framework/Versions/A/Frameworks/ImageCapture.framework/Versions/A/ImageCapture
0x0000000029a0b000 	/System/Library/Frameworks/Carbon.framework/Versions/A/Frameworks/OpenScripting.framework/Versions/A/OpenScripting
0x0000000029a0b000 	/System/Library/Frameworks/Carbon.framework/Versions/A/Frameworks/Print.framework/Versions/A/Print
0x0000000029a0b000 	/System/Library/Frameworks/Carbon.framework/Versions/A/Frameworks/SecurityHI.framework/Versions/A/SecurityHI
0x0000000029a0b000 	/System/Library/CoreServices/RawCamera.bundle/Contents/MacOS/RawCamera
0x0000000029a0b000 	/System/Library/Frameworks/Accelerate.framework/Versions/A/Frameworks/vImage.framework/Versions/A/Libraries/libCGInterfaces.dylib
0x0000000029a0b000 	/System/Library/PrivateFrameworks/FamilyControls.framework/Versions/A/FamilyControls
0x0000000029a0b000 	/System/Library/PrivateFrameworks/CommerceKit.framework/Versions/A/Frameworks/CommerceCore.framework/Versions/A/CommerceCore
0x0000000029a0b000 	/System/Library/PrivateFrameworks/SystemAdministration.framework/Versions/A/SystemAdministration
0x0000000029a0b000 	/System/Library/PrivateFrameworks/AppContainer.framework/Versions/A/AppContainer
0x0000000029a0b000 	/System/Library/PrivateFrameworks/SecCodeWrapper.framework/Versions/A/SecCodeWrapper
0x0000000029a0b000 	/System/Library/Frameworks/DirectoryService.framework/Versions/A/DirectoryService
0x0000000029a0b000 	/System/Library/PrivateFrameworks/DiskImages.framework/Versions/A/DiskImages
0x0000000029a0b000 	/System/Library/PrivateFrameworks/LoginUIKit.framework/Versions/A/Frameworks/LoginUICore.framework/Versions/A/LoginUICore
0x0000000029a0b000 	/usr/lib/libCoreStorage.dylib
0x0000000029a0b000 	/usr/lib/libcsfde.dylib
0x0000000029a0b000 	/usr/lib/libodfde.dylib
0x0000000029a0b000 	/System/Library/Frameworks/DiscRecording.framework/Versions/A/DiscRecording
0x0000000029a0b000 	/usr/lib/libcurl.4.dylib
0x0000000029a0b000 	/System/Library/PrivateFrameworks/MediaKit.framework/Versions/A/MediaKit
0x0000000029a0b000 	/System/Library/PrivateFrameworks/ProtectedCloudStorage.framework/Versions/A/ProtectedCloudStorage
0x0000000029a0b000 	/System/Library/PrivateFrameworks/EFILogin.framework/Versions/A/EFILogin
0x0000000029a0b000 	/usr/lib/libutil.dylib
0x0000000029a0b000 	/System/Library/Frameworks/LDAP.framework/Versions/A/LDAP
0x0000000029a0b000 	/usr/lib/libsasl2.2.dylib
0x0000000029a0b000 	/System/Library/PrivateFrameworks/CoreDaemon.framework/Versions/B/CoreDaemon
0x0000000029a0b000 	/System/Library/PrivateFrameworks/AppleSRP.framework/Versions/A/AppleSRP
0x0000000029a0b000 	/System/Library/PrivateFrameworks/APFS.framework/Versions/A/APFS
0x0000000029a0b000 	/System/Library/Frameworks/ApplicationServices.framework/Versions/A/Frameworks/ATS.framework/Versions/A/Resources/libTrueTypeScaler.dylib
0x0000000029a0b000 	/System/Library/Frameworks/OpenGL.framework/Versions/A/Resources/GLEngine.bundle/GLEngine
0x0000000029a0b000 	/System/Library/Frameworks/OpenGL.framework/Versions/A/Libraries/libGLProgrammability.dylib
0x0000000121000000 	/System/Library/Extensions/AppleIntelHD5000GraphicsGLDriver.bundle/Contents/MacOS/AppleIntelHD5000GraphicsGLDriver
0x0000000029a0b000 	/System/Library/PrivateFrameworks/GPUSupport.framework/Versions/A/Libraries/libGPUSupportMercury.dylib
0x0000000029a0b000 	/System/Library/Frameworks/OpenGL.framework/Versions/A/Resources/GLRendererFloat.bundle/GLRendererFloat
0x0000000029a0b000 	/System/Library/Frameworks/OpenCL.framework/Versions/A/Libraries/libcldcpuengine.dylib
0x0000000029a0b000 	/usr/lib/libcrypto.0.9.8.dylib
0x0000000029a0b000 	/System/Library/PrivateFrameworks/TrustEvaluationAgent.framework/Versions/A/TrustEvaluationAgent
0x0000000121900000 	/System/Library/Extensions/AppleIntelHD5000GraphicsMTLDriver.bundle/Contents/MacOS/AppleIntelHD5000GraphicsMTLDriver
0x0000000121d01000 	/Library/Java/JavaVirtualMachines/jdk1.8.0_101.jdk/Contents/Home/jre/lib/libnet.dylib
0x0000000120633000 	/Library/Java/JavaVirtualMachines/jdk1.8.0_101.jdk/Contents/Home/jre/lib/libnio.dylib
0x0000000029a0b000 	/System/Library/PrivateFrameworks/ViewBridge.framework/Versions/A/ViewBridge
0x0000000029a0b000 	/System/Library/PrivateFrameworks/XPCService.framework/Versions/A/XPCService
0x0000000029a0b000 	/System/Library/PrivateFrameworks/AppSandbox.framework/Versions/A/AppSandbox
0x0000000029a0b000 	/usr/lib/libsandbox.1.dylib
0x0000000029a0b000 	/usr/lib/libMatch.1.dylib
0x0000000105bc4000 	/Users/Zeming/eclipse/jee-neon/Eclipse.app/Contents/Eclipse/configuration/org.eclipse.osgi/762/0/.cp/libswt-cocoa-4626.jnilib
0x0000000029a0b000 	/System/Library/Frameworks/WebKit.framework/Versions/A/WebKit
0x0000000029a0b000 	/System/Library/Frameworks/JavaScriptCore.framework/Versions/A/JavaScriptCore
0x0000000029a0b000 	/System/Library/Frameworks/SecurityInterface.framework/Versions/A/SecurityInterface
0x0000000029a0b000 	/System/Library/Frameworks/WebKit.framework/Versions/A/Frameworks/WebKitLegacy.framework/Versions/A/WebKitLegacy
0x0000000029a0b000 	/System/Library/Frameworks/WebKit.framework/Versions/A/Frameworks/WebCore.framework/Versions/A/WebCore
0x0000000105e0a000 	/Users/Zeming/eclipse/jee-neon/Eclipse.app/Contents/Eclipse/configuration/org.eclipse.osgi/762/0/.cp/libswt-pi-cocoa-4626.jnilib
0x0000000105e06000 	/Users/Zeming/eclipse/jee-neon/Eclipse.app/Contents/Eclipse/configuration/org.eclipse.osgi/105/0/.cp/os/macosx/libunixfile_1_0_0.jnilib
0x0000000105c19000 	/Library/Java/JavaVirtualMachines/jdk1.8.0_101.jdk/Contents/Home/jre/lib/libsunec.dylib
0x0000000105ccf000 	/Library/Java/JavaVirtualMachines/jdk1.8.0_101.jdk/Contents/Home/jre/lib/libosx.dylib
0x0000000105dd2000 	/Library/Java/JavaVirtualMachines/jdk1.8.0_101.jdk/Contents/Home/jre/lib/./libosxapp.dylib
0x0000000029a0b000 	/System/Library/Frameworks/ExceptionHandling.framework/Versions/A/ExceptionHandling
0x0000000105dee000 	cl_kernels
0x0000000029a0b000 	/System/Library/Frameworks/OpenCL.framework/Versions/A/Libraries/ImageFormats/unorm8_bgra.dylib
0x000000011d423000 	cl_kernels
0x0000000029a0b000 	/System/Library/Frameworks/OpenCL.framework/Versions/A/Libraries/ImageFormats/unorm8_rgba.dylib
0x0000000029a0b000 	/System/Library/PrivateFrameworks/CloudDocs.framework/Versions/A/CloudDocs
0x0000000029a0b000 	/System/Library/Frameworks/CloudKit.framework/Versions/A/CloudKit
0x0000000029a0b000 	/System/Library/PrivateFrameworks/MMCS.framework/Versions/A/MMCS
0x0000000029a0b000 	/System/Library/Frameworks/CoreLocation.framework/Versions/A/CoreLocation
0x0000000029a0b000 	/System/Library/PrivateFrameworks/AssetCacheServices.framework/Versions/A/AssetCacheServices
0x0000000029a0b000 	/System/Library/PrivateFrameworks/GeoServices.framework/Versions/A/GeoServices
0x000000011e2bf000 	cl_kernels
0x0000000105d23000 	/Users/Zeming/eclipse/jee-neon/Eclipse.app/Contents/Eclipse/configuration/org.eclipse.osgi/83/0/.cp/os/macosx/x86_64/libpty.jnilib
0x000000011d483000 	/Users/Zeming/eclipse/jee-neon/Eclipse.app/Contents/Eclipse/configuration/org.eclipse.osgi/83/0/.cp/os/macosx/x86_64/libspawner.jnilib
0x0000000029a0b000 	/System/Library/PrivateFrameworks/Shortcut.framework/Versions/A/Shortcut
0x0000000029a0b000 	/System/Library/PrivateFrameworks/HelpData.framework/Versions/A/HelpData
0x0000000120264000 	cl_kernels
0x0000000029a0b000 	/System/Library/PrivateFrameworks/DataDetectors.framework/Versions/A/DataDetectors
0x0000000029a0b000 	/System/Library/Frameworks/AddressBook.framework/Versions/A/AddressBook
0x0000000029a0b000 	/System/Library/Frameworks/Quartz.framework/Versions/A/Quartz
0x0000000029a0b000 	/System/Library/PrivateFrameworks/ContactsPersistence.framework/Versions/A/ContactsPersistence
0x0000000029a0b000 	/System/Library/PrivateFrameworks/CalendarAgentLink.framework/Versions/A/CalendarAgentLink
0x0000000029a0b000 	/System/Library/PrivateFrameworks/ContactsFoundation.framework/Versions/A/ContactsFoundation
0x0000000029a0b000 	/System/Library/PrivateFrameworks/vCard.framework/Versions/A/vCard
0x0000000029a0b000 	/System/Library/PrivateFrameworks/IntlPreferences.framework/Versions/A/IntlPreferences
0x0000000029a0b000 	/System/Library/PrivateFrameworks/ToneLibrary.framework/Versions/A/ToneLibrary
0x0000000029a0b000 	/System/Library/PrivateFrameworks/ToneKit.framework/Versions/A/ToneKit
0x0000000029a0b000 	/System/Library/PrivateFrameworks/ApplePushService.framework/Versions/A/ApplePushService
0x0000000029a0b000 	/System/Library/PrivateFrameworks/PhoneNumbers.framework/Versions/A/PhoneNumbers
0x0000000029a0b000 	/System/Library/Frameworks/Accounts.framework/Versions/A/Accounts
0x0000000029a0b000 	/System/Library/PrivateFrameworks/OAuth.framework/Versions/A/OAuth
0x0000000029a0b000 	/System/Library/Frameworks/AVFoundation.framework/Versions/A/AVFoundation
0x0000000029a0b000 	/System/Library/Frameworks/AVFoundation.framework/Versions/A/Frameworks/AVFAudio.framework/Versions/A/AVFAudio
0x0000000029a0b000 	/System/Library/Frameworks/CoreMedia.framework/Versions/A/CoreMedia
0x0000000029a0b000 	/System/Library/Frameworks/MediaToolbox.framework/Versions/A/MediaToolbox
0x0000000029a0b000 	/System/Library/Frameworks/VideoToolbox.framework/Versions/A/VideoToolbox
0x0000000029a0b000 	/System/Library/Frameworks/CoreMediaIO.framework/Versions/A/CoreMediaIO
0x0000000029a0b000 	/usr/lib/libspindump.dylib
0x0000000029a0b000 	/usr/lib/libdscsym.dylib
0x0000000029a0b000 	/System/Library/PrivateFrameworks/CoreAVCHD.framework/Versions/A/CoreAVCHD
0x0000000029a0b000 	/System/Library/Frameworks/MediaAccessibility.framework/Versions/A/MediaAccessibility
0x0000000029a0b000 	/System/Library/PrivateFrameworks/Mangrove.framework/Versions/A/Mangrove
0x0000000029a0b000 	/System/Library/PrivateFrameworks/CoreAUC.framework/Versions/A/CoreAUC
0x0000000029a0b000 	/System/Library/PrivateFrameworks/AppleVA.framework/Versions/A/AppleVA
0x0000000029a0b000 	/System/Library/Frameworks/Quartz.framework/Versions/A/Frameworks/QuartzComposer.framework/Versions/A/QuartzComposer
0x0000000029a0b000 	/System/Library/Frameworks/Quartz.framework/Versions/A/Frameworks/PDFKit.framework/Versions/A/PDFKit
0x0000000029a0b000 	/System/Library/Frameworks/Quartz.framework/Versions/A/Frameworks/QuartzFilters.framework/Versions/A/QuartzFilters
0x0000000029a0b000 	/System/Library/Frameworks/Quartz.framework/Versions/A/Frameworks/ImageKit.framework/Versions/A/ImageKit
0x0000000029a0b000 	/System/Library/Frameworks/Quartz.framework/Versions/A/Frameworks/QuickLookUI.framework/Versions/A/QuickLookUI
0x0000000029a0b000 	/System/Library/Frameworks/QTKit.framework/Versions/A/QTKit
0x0000000029a0b000 	/System/Library/PrivateFrameworks/AppleSystemInfo.framework/Versions/A/AppleSystemInfo
0x0000000029a0b000 	/System/Library/PrivateFrameworks/CoreMediaAuthoring.framework/Versions/A/CoreMediaAuthoring
0x0000000029a0b000 	/System/Library/PrivateFrameworks/CorePDF.framework/Versions/A/CorePDF
0x0000000029a0b000 	/System/Library/Frameworks/SafariServices.framework/Versions/A/SafariServices
0x0000000029a0b000 	/System/Library/Frameworks/QuickLook.framework/Versions/A/QuickLook
0x0000000029a0b000 	/System/Library/PrivateFrameworks/MobileKeyBag.framework/Versions/A/MobileKeyBag
0x0000000029a0b000 	/System/Library/PrivateFrameworks/QuickLookThumbnailing.framework/Versions/A/QuickLookThumbnailing
0x0000000029a0b000 	/System/Library/PrivateFrameworks/DisplayServices.framework/Versions/A/DisplayServices
0x0000000029a0b000 	/System/Library/Frameworks/ImageCaptureCore.framework/Versions/A/ImageCaptureCore
0x000000012abc1000 	/System/Library/PrivateFrameworks/CoreNLP.framework/Versions/A/CoreNLP
0x0000000121ceb000 	/usr/lib/libgermantok.dylib

VM Arguments:
jvm_args: -Dosgi.requiredJavaVersion=1.8 -XX:+UseG1GC -XX:+UseStringDeduplication -XstartOnFirstThread -Dorg.eclipse.swt.internal.carbon.smallFonts -Dosgi.requiredJavaVersion=1.8 -Xms256m -Xmx1024m -Xdock:icon=../Resources/Eclipse.icns -XstartOnFirstThread -Dorg.eclipse.swt.internal.carbon.smallFonts -Declipse.p2.max.threads=10 -Doomph.update.url=http://download.eclipse.org/oomph/updates/milestone/latest -Doomph.redirection.index.redirection=index:/->http://git.eclipse.org/c/oomph/org.eclipse.oomph.git/plain/setups/ 
java_command: <unknown>
java_class_path (initial): /Users/Zeming/eclipse/jee-neon/Eclipse.app/Contents/MacOS//../Eclipse/plugins/org.eclipse.equinox.launcher_1.3.200.v20160318-1642.jar
Launcher Type: generic

Environment Variables:
PATH=/usr/bin:/bin:/usr/sbin:/sbin
SHELL=/bin/bash

Signal Handlers:
SIGSEGV: [libjvm.dylib+0x5af145], sa_mask[0]=11111111011111110111111111111111, sa_flags=SA_ONSTACK|SA_RESTART|SA_SIGINFO
SIGBUS: [libjvm.dylib+0x5af145], sa_mask[0]=11111111011111110111111111111111, sa_flags=SA_RESTART|SA_SIGINFO
SIGFPE: [libjvm.dylib+0x48694c], sa_mask[0]=11111111011111110111111111111111, sa_flags=SA_RESTART|SA_SIGINFO
SIGPIPE: [libjvm.dylib+0x48694c], sa_mask[0]=11111111011111110111111111111111, sa_flags=SA_RESTART|SA_SIGINFO
SIGXFSZ: [libjvm.dylib+0x48694c], sa_mask[0]=11111111011111110111111111111111, sa_flags=SA_RESTART|SA_SIGINFO
SIGILL: [libjvm.dylib+0x48694c], sa_mask[0]=11111111011111110111111111111111, sa_flags=SA_RESTART|SA_SIGINFO
SIGUSR1: SIG_DFL, sa_mask[0]=00000000000000000000000000000000, sa_flags=none
SIGUSR2: [libjvm.dylib+0x48646a], sa_mask[0]=00000000000000000000000000000000, sa_flags=SA_RESTART|SA_SIGINFO
SIGHUP: [libjvm.dylib+0x484a41], sa_mask[0]=11111111011111110111111111111111, sa_flags=SA_RESTART|SA_SIGINFO
SIGINT: [libjvm.dylib+0x484a41], sa_mask[0]=11111111011111110111111111111111, sa_flags=SA_RESTART|SA_SIGINFO
SIGTERM: [libjvm.dylib+0x484a41], sa_mask[0]=11111111011111110111111111111111, sa_flags=SA_RESTART|SA_SIGINFO
SIGQUIT: [libjvm.dylib+0x484a41], sa_mask[0]=11111111011111110111111111111111, sa_flags=SA_RESTART|SA_SIGINFO


---------------  S Y S T E M  ---------------

OS:Bsduname:Darwin 16.3.0 Darwin Kernel Version 16.3.0: Thu Nov 17 20:23:58 PST 2016; root:xnu-3789.31.2~1/RELEASE_X86_64 x86_64
rlimit: STACK 8192k, CORE 0k, NPROC 709, NOFILE 10240, AS infinity
load average:1.71 1.61 1.49

CPU:total 8 (4 cores per cpu, 2 threads per core) family 6 model 70 stepping 1, cmov, cx8, fxsr, mmx, sse, sse2, sse3, ssse3, sse4.1, sse4.2, popcnt, avx, avx2, aes, clmul, erms, lzcnt, ht, tsc, tscinvbit, bmi1, bmi2

Memory: 4k page, physical 16777216k(1694832k free)

/proc/meminfo:


vm_info: Java HotSpot(TM) 64-Bit Server VM (25.101-b13) for bsd-amd64 JRE (1.8.0_101-b13), built on Jun 22 2016 02:42:15 by "java_re" with gcc 4.2.1 (Based on Apple Inc. build 5658) (LLVM build 2336.11.00)

time: Tue Jan 17 00:07:21 2017
elapsed time: 23575 seconds (0d 6h 32m 55s)

